09:21:03.662 logback [main] INFO  com.hyf.HyfApplication - Starting HyfApplication on DESKTOP-PVECBGM with PID 46840 (C:\Users\huyuefei\Desktop\Code\MyBlog\target\classes started by huyuefei in C:\Users\huyuefei\Desktop\Code\MyBlog)
09:21:03.665 logback [main] INFO  com.hyf.HyfApplication - No active profile set, falling back to default profiles: default
09:21:04.408 logback [main] INFO  o.s.d.r.c.RepositoryConfigurationDelegate - Multiple Spring Data modules found, entering strict repository configuration mode!
09:21:04.422 logback [main] INFO  o.s.d.r.c.RepositoryConfigurationDelegate - Bootstrapping Spring Data Redis repositories in DEFAULT mode.
09:21:04.452 logback [main] INFO  o.s.d.r.c.RepositoryConfigurationDelegate - Finished Spring Data repository scanning in 14ms. Found 0 Redis repository interfaces.
09:21:05.243 logback [main] INFO  o.s.b.w.e.tomcat.TomcatWebServer - Tomcat initialized with port(s): 8080 (http)
09:21:05.259 logback [main] INFO  o.a.coyote.http11.Http11NioProtocol - Initializing ProtocolHandler ["http-nio-8080"]
09:21:05.272 logback [main] INFO  o.a.catalina.core.StandardService - Starting service [Tomcat]
09:21:05.273 logback [main] INFO  o.a.catalina.core.StandardEngine - Starting Servlet engine: [Apache Tomcat/9.0.37]
09:21:05.401 logback [main] INFO  o.a.c.c.C.[Tomcat].[localhost].[/] - Initializing Spring embedded WebApplicationContext
09:21:05.401 logback [main] INFO  o.s.web.context.ContextLoader - Root WebApplicationContext: initialization completed in 1696 ms
09:21:06.157 logback [main] INFO  o.s.s.c.ThreadPoolTaskExecutor - Initializing ExecutorService 'applicationTaskExecutor'
09:21:06.242 logback [main] INFO  o.s.b.a.w.s.WelcomePageHandlerMapping - Adding welcome page template: index
09:21:06.816 logback [main] INFO  o.s.b.a.s.s.UserDetailsServiceAutoConfiguration - 

Using generated security password: f8d5db99-3481-4160-8812-e0b79cb00e7d

09:21:06.917 logback [main] INFO  o.s.s.web.DefaultSecurityFilterChain - Creating filter chain: any request, [org.springframework.security.web.context.request.async.WebAsyncManagerIntegrationFilter@71eff6a3, org.springframework.security.web.context.SecurityContextPersistenceFilter@5cd71ee2, org.springframework.security.web.header.HeaderWriterFilter@2c3679e5, org.springframework.security.web.csrf.CsrfFilter@4c28f97e, org.springframework.security.web.authentication.logout.LogoutFilter@39c5a105, org.springframework.security.web.authentication.UsernamePasswordAuthenticationFilter@5bad555b, org.springframework.security.web.authentication.ui.DefaultLoginPageGeneratingFilter@7ef60c02, org.springframework.security.web.authentication.ui.DefaultLogoutPageGeneratingFilter@574218f, org.springframework.security.web.authentication.www.BasicAuthenticationFilter@24f90aff, org.springframework.security.web.savedrequest.RequestCacheAwareFilter@48f4f03e, org.springframework.security.web.servletapi.SecurityContextHolderAwareRequestFilter@7e691624, org.springframework.security.web.authentication.AnonymousAuthenticationFilter@735988cf, org.springframework.security.web.session.SessionManagementFilter@2548fc01, org.springframework.security.web.access.ExceptionTranslationFilter@5cd701e4, org.springframework.security.web.access.intercept.FilterSecurityInterceptor@31183ee2]
09:21:06.998 logback [main] INFO  o.a.coyote.http11.Http11NioProtocol - Starting ProtocolHandler ["http-nio-8080"]
09:21:07.064 logback [main] INFO  o.s.b.w.e.tomcat.TomcatWebServer - Tomcat started on port(s): 8080 (http) with context path ''
09:21:07.068 logback [main] INFO  com.hyf.HyfApplication - Started HyfApplication in 4.022 seconds (JVM running for 7.199)
09:21:32.871 logback [http-nio-8080-exec-2] INFO  o.a.c.c.C.[Tomcat].[localhost].[/] - Initializing Spring DispatcherServlet 'dispatcherServlet'
09:21:32.871 logback [http-nio-8080-exec-2] INFO  o.s.web.servlet.DispatcherServlet - Initializing Servlet 'dispatcherServlet'
09:21:32.879 logback [http-nio-8080-exec-2] INFO  o.s.web.servlet.DispatcherServlet - Completed initialization in 8 ms
10:42:26.053 logback [Thread-2] INFO  o.s.s.c.ThreadPoolTaskExecutor - Shutting down ExecutorService 'applicationTaskExecutor'
10:42:26.053 logback [Thread-2] INFO  c.alibaba.druid.pool.DruidDataSource - {dataSource-0} closing ...
