09:53:44.408 logback [main] INFO  com.hyf.HyfApplication - Starting HyfApplication on DESKTOP-PVECBGM with PID 32276 (C:\Users\huyuefei\Desktop\Code\MyBlog\target\classes started by huyuefei in C:\Users\huyuefei\Desktop\Code\MyBlog)
09:53:44.410 logback [main] INFO  com.hyf.HyfApplication - No active profile set, falling back to default profiles: default
09:53:44.964 logback [main] INFO  o.s.d.r.c.RepositoryConfigurationDelegate - Multiple Spring Data modules found, entering strict repository configuration mode!
09:53:44.966 logback [main] INFO  o.s.d.r.c.RepositoryConfigurationDelegate - Bootstrapping Spring Data Redis repositories in DEFAULT mode.
09:53:44.990 logback [main] INFO  o.s.d.r.c.RepositoryConfigurationDelegate - Finished Spring Data repository scanning in 14ms. Found 0 Redis repository interfaces.
09:53:45.444 logback [main] INFO  o.s.b.w.e.tomcat.TomcatWebServer - Tomcat initialized with port(s): 8080 (http)
09:53:45.457 logback [main] INFO  o.a.coyote.http11.Http11NioProtocol - Initializing ProtocolHandler ["http-nio-8080"]
09:53:45.467 logback [main] INFO  o.a.catalina.core.StandardService - Starting service [Tomcat]
09:53:45.467 logback [main] INFO  o.a.catalina.core.StandardEngine - Starting Servlet engine: [Apache Tomcat/9.0.37]
09:53:45.582 logback [main] INFO  o.a.c.c.C.[Tomcat].[localhost].[/] - Initializing Spring embedded WebApplicationContext
09:53:45.582 logback [main] INFO  o.s.web.context.ContextLoader - Root WebApplicationContext: initialization completed in 1143 ms
09:53:45.631 logback [main] WARN  o.s.b.w.s.c.AnnotationConfigServletWebServerApplicationContext - Exception encountered during context initialization - cancelling refresh attempt: org.springframework.beans.factory.BeanCreationException: Error creating bean with name 'getPhoneCodeControl': Injection of autowired dependencies failed; nested exception is java.lang.IllegalArgumentException: Could not resolve placeholder 'aliyun.accessKeyId' in value "${aliyun.accessKeyId}"
09:53:45.633 logback [main] INFO  o.a.catalina.core.StandardService - Stopping service [Tomcat]
09:53:45.652 logback [main] INFO  o.s.b.a.l.ConditionEvaluationReportLoggingListener - 

Error starting ApplicationContext. To display the conditions report re-run your application with 'debug' enabled.
09:53:45.658 logback [main] ERROR o.s.boot.SpringApplication - Application run failed
org.springframework.beans.factory.BeanCreationException: Error creating bean with name 'getPhoneCodeControl': Injection of autowired dependencies failed; nested exception is java.lang.IllegalArgumentException: Could not resolve placeholder 'aliyun.accessKeyId' in value "${aliyun.accessKeyId}"
	at org.springframework.beans.factory.annotation.AutowiredAnnotationBeanPostProcessor.postProcessProperties(AutowiredAnnotationBeanPostProcessor.java:382)
	at org.springframework.beans.factory.support.AbstractAutowireCapableBeanFactory.populateBean(AbstractAutowireCapableBeanFactory.java:1402)
	at org.springframework.beans.factory.support.AbstractAutowireCapableBeanFactory.doCreateBean(AbstractAutowireCapableBeanFactory.java:591)
	at org.springframework.beans.factory.support.AbstractAutowireCapableBeanFactory.createBean(AbstractAutowireCapableBeanFactory.java:514)
	at org.springframework.beans.factory.support.AbstractBeanFactory.lambda$doGetBean$0(AbstractBeanFactory.java:321)
	at org.springframework.beans.factory.support.DefaultSingletonBeanRegistry.getSingleton(DefaultSingletonBeanRegistry.java:226)
	at org.springframework.beans.factory.support.AbstractBeanFactory.doGetBean(AbstractBeanFactory.java:319)
	at org.springframework.beans.factory.support.AbstractBeanFactory.getBean(AbstractBeanFactory.java:199)
	at org.springframework.beans.factory.support.DefaultListableBeanFactory.preInstantiateSingletons(DefaultListableBeanFactory.java:863)
	at org.springframework.context.support.AbstractApplicationContext.finishBeanFactoryInitialization(AbstractApplicationContext.java:878)
	at org.springframework.context.support.AbstractApplicationContext.refresh(AbstractApplicationContext.java:550)
	at org.springframework.boot.web.servlet.context.ServletWebServerApplicationContext.refresh(ServletWebServerApplicationContext.java:141)
	at org.springframework.boot.SpringApplication.refresh(SpringApplication.java:744)
	at org.springframework.boot.SpringApplication.refreshContext(SpringApplication.java:391)
	at org.springframework.boot.SpringApplication.run(SpringApplication.java:312)
	at org.springframework.boot.SpringApplication.run(SpringApplication.java:1215)
	at org.springframework.boot.SpringApplication.run(SpringApplication.java:1204)
	at com.hyf.HyfApplication.main(HyfApplication.java:10)
Caused by: java.lang.IllegalArgumentException: Could not resolve placeholder 'aliyun.accessKeyId' in value "${aliyun.accessKeyId}"
	at org.springframework.util.PropertyPlaceholderHelper.parseStringValue(PropertyPlaceholderHelper.java:178)
	at org.springframework.util.PropertyPlaceholderHelper.replacePlaceholders(PropertyPlaceholderHelper.java:124)
	at org.springframework.core.env.AbstractPropertyResolver.doResolvePlaceholders(AbstractPropertyResolver.java:239)
	at org.springframework.core.env.AbstractPropertyResolver.resolveRequiredPlaceholders(AbstractPropertyResolver.java:210)
	at org.springframework.context.support.PropertySourcesPlaceholderConfigurer.lambda$processProperties$0(PropertySourcesPlaceholderConfigurer.java:175)
	at org.springframework.beans.factory.support.AbstractBeanFactory.resolveEmbeddedValue(AbstractBeanFactory.java:857)
	at org.springframework.beans.factory.support.DefaultListableBeanFactory.doResolveDependency(DefaultListableBeanFactory.java:1214)
	at org.springframework.beans.factory.support.DefaultListableBeanFactory.resolveDependency(DefaultListableBeanFactory.java:1193)
	at org.springframework.beans.factory.annotation.AutowiredAnnotationBeanPostProcessor$AutowiredFieldElement.inject(AutowiredAnnotationBeanPostProcessor.java:595)
	at org.springframework.beans.factory.annotation.InjectionMetadata.inject(InjectionMetadata.java:90)
	at org.springframework.beans.factory.annotation.AutowiredAnnotationBeanPostProcessor.postProcessProperties(AutowiredAnnotationBeanPostProcessor.java:376)
	... 17 common frames omitted
10:10:28.319 logback [main] INFO  com.hyf.HyfApplication - Starting HyfApplication on DESKTOP-PVECBGM with PID 18440 (C:\Users\huyuefei\Desktop\Code\MyBlog\target\classes started by huyuefei in C:\Users\huyuefei\Desktop\Code\MyBlog)
10:10:28.321 logback [main] INFO  com.hyf.HyfApplication - No active profile set, falling back to default profiles: default
10:10:28.886 logback [main] INFO  o.s.d.r.c.RepositoryConfigurationDelegate - Multiple Spring Data modules found, entering strict repository configuration mode!
10:10:28.888 logback [main] INFO  o.s.d.r.c.RepositoryConfigurationDelegate - Bootstrapping Spring Data Redis repositories in DEFAULT mode.
10:10:28.914 logback [main] INFO  o.s.d.r.c.RepositoryConfigurationDelegate - Finished Spring Data repository scanning in 15ms. Found 0 Redis repository interfaces.
10:10:29.362 logback [main] INFO  o.s.b.w.e.tomcat.TomcatWebServer - Tomcat initialized with port(s): 8080 (http)
10:10:29.374 logback [main] INFO  o.a.coyote.http11.Http11NioProtocol - Initializing ProtocolHandler ["http-nio-8080"]
10:10:29.384 logback [main] INFO  o.a.catalina.core.StandardService - Starting service [Tomcat]
10:10:29.385 logback [main] INFO  o.a.catalina.core.StandardEngine - Starting Servlet engine: [Apache Tomcat/9.0.37]
10:10:29.500 logback [main] INFO  o.a.c.c.C.[Tomcat].[localhost].[/] - Initializing Spring embedded WebApplicationContext
10:10:29.500 logback [main] INFO  o.s.web.context.ContextLoader - Root WebApplicationContext: initialization completed in 1136 ms
10:10:29.576 logback [main] WARN  o.s.b.w.s.c.AnnotationConfigServletWebServerApplicationContext - Exception encountered during context initialization - cancelling refresh attempt: org.springframework.beans.factory.BeanCreationException: Error creating bean with name 'stringRedisUtil' defined in file [C:\Users\huyuefei\Desktop\Code\MyBlog\target\classes\com\hyf\redis\StringRedisUtil.class]: Post-processing of merged bean definition failed; nested exception is java.lang.IllegalStateException: @Resource annotation is not supported on static fields
10:10:29.579 logback [main] INFO  o.a.catalina.core.StandardService - Stopping service [Tomcat]
10:10:29.600 logback [main] INFO  o.s.b.a.l.ConditionEvaluationReportLoggingListener - 

Error starting ApplicationContext. To display the conditions report re-run your application with 'debug' enabled.
10:10:29.607 logback [main] ERROR o.s.boot.SpringApplication - Application run failed
org.springframework.beans.factory.BeanCreationException: Error creating bean with name 'stringRedisUtil' defined in file [C:\Users\huyuefei\Desktop\Code\MyBlog\target\classes\com\hyf\redis\StringRedisUtil.class]: Post-processing of merged bean definition failed; nested exception is java.lang.IllegalStateException: @Resource annotation is not supported on static fields
	at org.springframework.beans.factory.support.AbstractAutowireCapableBeanFactory.doCreateBean(AbstractAutowireCapableBeanFactory.java:569)
	at org.springframework.beans.factory.support.AbstractAutowireCapableBeanFactory.createBean(AbstractAutowireCapableBeanFactory.java:514)
	at org.springframework.beans.factory.support.AbstractBeanFactory.lambda$doGetBean$0(AbstractBeanFactory.java:321)
	at org.springframework.beans.factory.support.DefaultSingletonBeanRegistry.getSingleton(DefaultSingletonBeanRegistry.java:226)
	at org.springframework.beans.factory.support.AbstractBeanFactory.doGetBean(AbstractBeanFactory.java:319)
	at org.springframework.beans.factory.support.AbstractBeanFactory.getBean(AbstractBeanFactory.java:199)
	at org.springframework.beans.factory.support.DefaultListableBeanFactory.preInstantiateSingletons(DefaultListableBeanFactory.java:863)
	at org.springframework.context.support.AbstractApplicationContext.finishBeanFactoryInitialization(AbstractApplicationContext.java:878)
	at org.springframework.context.support.AbstractApplicationContext.refresh(AbstractApplicationContext.java:550)
	at org.springframework.boot.web.servlet.context.ServletWebServerApplicationContext.refresh(ServletWebServerApplicationContext.java:141)
	at org.springframework.boot.SpringApplication.refresh(SpringApplication.java:744)
	at org.springframework.boot.SpringApplication.refreshContext(SpringApplication.java:391)
	at org.springframework.boot.SpringApplication.run(SpringApplication.java:312)
	at org.springframework.boot.SpringApplication.run(SpringApplication.java:1215)
	at org.springframework.boot.SpringApplication.run(SpringApplication.java:1204)
	at com.hyf.HyfApplication.main(HyfApplication.java:10)
Caused by: java.lang.IllegalStateException: @Resource annotation is not supported on static fields
	at org.springframework.context.annotation.CommonAnnotationBeanPostProcessor.lambda$buildResourceMetadata$0(CommonAnnotationBeanPostProcessor.java:381)
	at org.springframework.util.ReflectionUtils.doWithLocalFields(ReflectionUtils.java:694)
	at org.springframework.context.annotation.CommonAnnotationBeanPostProcessor.buildResourceMetadata(CommonAnnotationBeanPostProcessor.java:366)
	at org.springframework.context.annotation.CommonAnnotationBeanPostProcessor.findResourceMetadata(CommonAnnotationBeanPostProcessor.java:351)
	at org.springframework.context.annotation.CommonAnnotationBeanPostProcessor.postProcessMergedBeanDefinition(CommonAnnotationBeanPostProcessor.java:299)
	at org.springframework.beans.factory.support.AbstractAutowireCapableBeanFactory.applyMergedBeanDefinitionPostProcessors(AbstractAutowireCapableBeanFactory.java:1075)
	at org.springframework.beans.factory.support.AbstractAutowireCapableBeanFactory.doCreateBean(AbstractAutowireCapableBeanFactory.java:566)
	... 15 common frames omitted
10:10:58.982 logback [main] INFO  com.hyf.HyfApplication - Starting HyfApplication on DESKTOP-PVECBGM with PID 34084 (C:\Users\huyuefei\Desktop\Code\MyBlog\target\classes started by huyuefei in C:\Users\huyuefei\Desktop\Code\MyBlog)
10:10:58.984 logback [main] INFO  com.hyf.HyfApplication - No active profile set, falling back to default profiles: default
10:10:59.745 logback [main] INFO  o.s.d.r.c.RepositoryConfigurationDelegate - Multiple Spring Data modules found, entering strict repository configuration mode!
10:10:59.747 logback [main] INFO  o.s.d.r.c.RepositoryConfigurationDelegate - Bootstrapping Spring Data Redis repositories in DEFAULT mode.
10:10:59.774 logback [main] INFO  o.s.d.r.c.RepositoryConfigurationDelegate - Finished Spring Data repository scanning in 15ms. Found 0 Redis repository interfaces.
10:11:00.211 logback [main] INFO  o.s.b.w.e.tomcat.TomcatWebServer - Tomcat initialized with port(s): 8080 (http)
10:11:00.225 logback [main] INFO  o.a.coyote.http11.Http11NioProtocol - Initializing ProtocolHandler ["http-nio-8080"]
10:11:00.248 logback [main] INFO  o.a.catalina.core.StandardService - Starting service [Tomcat]
10:11:00.248 logback [main] INFO  o.a.catalina.core.StandardEngine - Starting Servlet engine: [Apache Tomcat/9.0.37]
10:11:00.352 logback [main] INFO  o.a.c.c.C.[Tomcat].[localhost].[/] - Initializing Spring embedded WebApplicationContext
10:11:00.353 logback [main] INFO  o.s.web.context.ContextLoader - Root WebApplicationContext: initialization completed in 1339 ms
10:11:00.588 logback [main] INFO  o.s.s.c.ThreadPoolTaskExecutor - Initializing ExecutorService 'applicationTaskExecutor'
10:11:00.640 logback [main] INFO  o.s.b.a.w.s.WelcomePageHandlerMapping - Adding welcome page template: index
10:11:00.861 logback [main] WARN  o.s.b.w.s.c.AnnotationConfigServletWebServerApplicationContext - Exception encountered during context initialization - cancelling refresh attempt: org.springframework.beans.factory.BeanCreationException: Error creating bean with name 'redisConnectionFactory' defined in class path resource [org/springframework/boot/autoconfigure/data/redis/LettuceConnectionConfiguration.class]: Invocation of init method failed; nested exception is java.lang.IllegalArgumentException: Host must not be empty
10:11:00.865 logback [main] INFO  c.alibaba.druid.pool.DruidDataSource - {dataSource-0} closing ...
10:11:00.866 logback [main] INFO  o.s.s.c.ThreadPoolTaskExecutor - Shutting down ExecutorService 'applicationTaskExecutor'
10:11:00.868 logback [main] INFO  o.a.catalina.core.StandardService - Stopping service [Tomcat]
10:11:00.883 logback [main] INFO  o.s.b.a.l.ConditionEvaluationReportLoggingListener - 

Error starting ApplicationContext. To display the conditions report re-run your application with 'debug' enabled.
10:11:00.889 logback [main] ERROR o.s.boot.SpringApplication - Application run failed
org.springframework.beans.factory.BeanCreationException: Error creating bean with name 'redisConnectionFactory' defined in class path resource [org/springframework/boot/autoconfigure/data/redis/LettuceConnectionConfiguration.class]: Invocation of init method failed; nested exception is java.lang.IllegalArgumentException: Host must not be empty
	at org.springframework.beans.factory.support.AbstractAutowireCapableBeanFactory.initializeBean(AbstractAutowireCapableBeanFactory.java:1769)
	at org.springframework.beans.factory.support.AbstractAutowireCapableBeanFactory.doCreateBean(AbstractAutowireCapableBeanFactory.java:592)
	at org.springframework.beans.factory.support.AbstractAutowireCapableBeanFactory.createBean(AbstractAutowireCapableBeanFactory.java:514)
	at org.springframework.beans.factory.support.AbstractBeanFactory.lambda$doGetBean$0(AbstractBeanFactory.java:321)
	at org.springframework.beans.factory.support.DefaultSingletonBeanRegistry.getSingleton(DefaultSingletonBeanRegistry.java:226)
	at org.springframework.beans.factory.support.AbstractBeanFactory.doGetBean(AbstractBeanFactory.java:319)
	at org.springframework.beans.factory.support.AbstractBeanFactory.getBean(AbstractBeanFactory.java:199)
	at org.springframework.beans.factory.support.DefaultListableBeanFactory.preInstantiateSingletons(DefaultListableBeanFactory.java:863)
	at org.springframework.context.support.AbstractApplicationContext.finishBeanFactoryInitialization(AbstractApplicationContext.java:878)
	at org.springframework.context.support.AbstractApplicationContext.refresh(AbstractApplicationContext.java:550)
	at org.springframework.boot.web.servlet.context.ServletWebServerApplicationContext.refresh(ServletWebServerApplicationContext.java:141)
	at org.springframework.boot.SpringApplication.refresh(SpringApplication.java:744)
	at org.springframework.boot.SpringApplication.refreshContext(SpringApplication.java:391)
	at org.springframework.boot.SpringApplication.run(SpringApplication.java:312)
	at org.springframework.boot.SpringApplication.run(SpringApplication.java:1215)
	at org.springframework.boot.SpringApplication.run(SpringApplication.java:1204)
	at com.hyf.HyfApplication.main(HyfApplication.java:10)
Caused by: java.lang.IllegalArgumentException: Host must not be empty
	at io.lettuce.core.internal.LettuceAssert.notEmpty(LettuceAssert.java:45)
	at io.lettuce.core.RedisURI$Builder.redis(RedisURI.java:1004)
	at org.springframework.data.redis.connection.lettuce.LettuceConnectionFactory.createRedisURIAndApplySettings(LettuceConnectionFactory.java:1017)
	at org.springframework.data.redis.connection.lettuce.LettuceConnectionFactory.createClient(LettuceConnectionFactory.java:973)
	at org.springframework.data.redis.connection.lettuce.LettuceConnectionFactory.afterPropertiesSet(LettuceConnectionFactory.java:273)
	at org.springframework.beans.factory.support.AbstractAutowireCapableBeanFactory.invokeInitMethods(AbstractAutowireCapableBeanFactory.java:1828)
	at org.springframework.beans.factory.support.AbstractAutowireCapableBeanFactory.initializeBean(AbstractAutowireCapableBeanFactory.java:1765)
	... 16 common frames omitted
10:12:07.492 logback [main] INFO  com.hyf.HyfApplication - Starting HyfApplication on DESKTOP-PVECBGM with PID 34320 (C:\Users\huyuefei\Desktop\Code\MyBlog\target\classes started by huyuefei in C:\Users\huyuefei\Desktop\Code\MyBlog)
10:12:07.494 logback [main] INFO  com.hyf.HyfApplication - No active profile set, falling back to default profiles: default
10:12:08.133 logback [main] INFO  o.s.d.r.c.RepositoryConfigurationDelegate - Multiple Spring Data modules found, entering strict repository configuration mode!
10:12:08.135 logback [main] INFO  o.s.d.r.c.RepositoryConfigurationDelegate - Bootstrapping Spring Data Redis repositories in DEFAULT mode.
10:12:08.159 logback [main] INFO  o.s.d.r.c.RepositoryConfigurationDelegate - Finished Spring Data repository scanning in 14ms. Found 0 Redis repository interfaces.
10:12:08.617 logback [main] INFO  o.s.b.w.e.tomcat.TomcatWebServer - Tomcat initialized with port(s): 8080 (http)
10:12:08.631 logback [main] INFO  o.a.coyote.http11.Http11NioProtocol - Initializing ProtocolHandler ["http-nio-8080"]
10:12:08.644 logback [main] INFO  o.a.catalina.core.StandardService - Starting service [Tomcat]
10:12:08.644 logback [main] INFO  o.a.catalina.core.StandardEngine - Starting Servlet engine: [Apache Tomcat/9.0.37]
10:12:08.758 logback [main] INFO  o.a.c.c.C.[Tomcat].[localhost].[/] - Initializing Spring embedded WebApplicationContext
10:12:08.758 logback [main] INFO  o.s.web.context.ContextLoader - Root WebApplicationContext: initialization completed in 1210 ms
10:12:09.016 logback [main] INFO  o.s.s.c.ThreadPoolTaskExecutor - Initializing ExecutorService 'applicationTaskExecutor'
10:12:09.072 logback [main] INFO  o.s.b.a.w.s.WelcomePageHandlerMapping - Adding welcome page template: index
10:12:09.285 logback [main] WARN  o.s.b.w.s.c.AnnotationConfigServletWebServerApplicationContext - Exception encountered during context initialization - cancelling refresh attempt: org.springframework.beans.factory.BeanCreationException: Error creating bean with name 'redisConnectionFactory' defined in class path resource [org/springframework/boot/autoconfigure/data/redis/LettuceConnectionConfiguration.class]: Invocation of init method failed; nested exception is java.lang.IllegalArgumentException: Host must not be empty
10:12:09.289 logback [main] INFO  c.alibaba.druid.pool.DruidDataSource - {dataSource-0} closing ...
10:12:09.292 logback [main] INFO  o.s.s.c.ThreadPoolTaskExecutor - Shutting down ExecutorService 'applicationTaskExecutor'
10:12:09.295 logback [main] INFO  o.a.catalina.core.StandardService - Stopping service [Tomcat]
10:12:09.310 logback [main] INFO  o.s.b.a.l.ConditionEvaluationReportLoggingListener - 

Error starting ApplicationContext. To display the conditions report re-run your application with 'debug' enabled.
10:12:09.316 logback [main] ERROR o.s.boot.SpringApplication - Application run failed
org.springframework.beans.factory.BeanCreationException: Error creating bean with name 'redisConnectionFactory' defined in class path resource [org/springframework/boot/autoconfigure/data/redis/LettuceConnectionConfiguration.class]: Invocation of init method failed; nested exception is java.lang.IllegalArgumentException: Host must not be empty
	at org.springframework.beans.factory.support.AbstractAutowireCapableBeanFactory.initializeBean(AbstractAutowireCapableBeanFactory.java:1769)
	at org.springframework.beans.factory.support.AbstractAutowireCapableBeanFactory.doCreateBean(AbstractAutowireCapableBeanFactory.java:592)
	at org.springframework.beans.factory.support.AbstractAutowireCapableBeanFactory.createBean(AbstractAutowireCapableBeanFactory.java:514)
	at org.springframework.beans.factory.support.AbstractBeanFactory.lambda$doGetBean$0(AbstractBeanFactory.java:321)
	at org.springframework.beans.factory.support.DefaultSingletonBeanRegistry.getSingleton(DefaultSingletonBeanRegistry.java:226)
	at org.springframework.beans.factory.support.AbstractBeanFactory.doGetBean(AbstractBeanFactory.java:319)
	at org.springframework.beans.factory.support.AbstractBeanFactory.getBean(AbstractBeanFactory.java:199)
	at org.springframework.beans.factory.support.DefaultListableBeanFactory.preInstantiateSingletons(DefaultListableBeanFactory.java:863)
	at org.springframework.context.support.AbstractApplicationContext.finishBeanFactoryInitialization(AbstractApplicationContext.java:878)
	at org.springframework.context.support.AbstractApplicationContext.refresh(AbstractApplicationContext.java:550)
	at org.springframework.boot.web.servlet.context.ServletWebServerApplicationContext.refresh(ServletWebServerApplicationContext.java:141)
	at org.springframework.boot.SpringApplication.refresh(SpringApplication.java:744)
	at org.springframework.boot.SpringApplication.refreshContext(SpringApplication.java:391)
	at org.springframework.boot.SpringApplication.run(SpringApplication.java:312)
	at org.springframework.boot.SpringApplication.run(SpringApplication.java:1215)
	at org.springframework.boot.SpringApplication.run(SpringApplication.java:1204)
	at com.hyf.HyfApplication.main(HyfApplication.java:10)
Caused by: java.lang.IllegalArgumentException: Host must not be empty
	at io.lettuce.core.internal.LettuceAssert.notEmpty(LettuceAssert.java:45)
	at io.lettuce.core.RedisURI$Builder.redis(RedisURI.java:1004)
	at org.springframework.data.redis.connection.lettuce.LettuceConnectionFactory.createRedisURIAndApplySettings(LettuceConnectionFactory.java:1017)
	at org.springframework.data.redis.connection.lettuce.LettuceConnectionFactory.createClient(LettuceConnectionFactory.java:973)
	at org.springframework.data.redis.connection.lettuce.LettuceConnectionFactory.afterPropertiesSet(LettuceConnectionFactory.java:273)
	at org.springframework.beans.factory.support.AbstractAutowireCapableBeanFactory.invokeInitMethods(AbstractAutowireCapableBeanFactory.java:1828)
	at org.springframework.beans.factory.support.AbstractAutowireCapableBeanFactory.initializeBean(AbstractAutowireCapableBeanFactory.java:1765)
	... 16 common frames omitted
10:12:26.464 logback [main] INFO  com.hyf.HyfApplication - Starting HyfApplication on DESKTOP-PVECBGM with PID 33876 (C:\Users\huyuefei\Desktop\Code\MyBlog\target\classes started by huyuefei in C:\Users\huyuefei\Desktop\Code\MyBlog)
10:12:26.466 logback [main] INFO  com.hyf.HyfApplication - No active profile set, falling back to default profiles: default
10:12:27.016 logback [main] INFO  o.s.d.r.c.RepositoryConfigurationDelegate - Multiple Spring Data modules found, entering strict repository configuration mode!
10:12:27.018 logback [main] INFO  o.s.d.r.c.RepositoryConfigurationDelegate - Bootstrapping Spring Data Redis repositories in DEFAULT mode.
10:12:27.042 logback [main] INFO  o.s.d.r.c.RepositoryConfigurationDelegate - Finished Spring Data repository scanning in 14ms. Found 0 Redis repository interfaces.
10:12:27.473 logback [main] INFO  o.s.b.w.e.tomcat.TomcatWebServer - Tomcat initialized with port(s): 8080 (http)
10:12:27.485 logback [main] INFO  o.a.coyote.http11.Http11NioProtocol - Initializing ProtocolHandler ["http-nio-8080"]
10:12:27.495 logback [main] INFO  o.a.catalina.core.StandardService - Starting service [Tomcat]
10:12:27.495 logback [main] INFO  o.a.catalina.core.StandardEngine - Starting Servlet engine: [Apache Tomcat/9.0.37]
10:12:27.598 logback [main] INFO  o.a.c.c.C.[Tomcat].[localhost].[/] - Initializing Spring embedded WebApplicationContext
10:12:27.598 logback [main] INFO  o.s.web.context.ContextLoader - Root WebApplicationContext: initialization completed in 1103 ms
10:12:27.830 logback [main] INFO  o.s.s.c.ThreadPoolTaskExecutor - Initializing ExecutorService 'applicationTaskExecutor'
10:12:27.884 logback [main] INFO  o.s.b.a.w.s.WelcomePageHandlerMapping - Adding welcome page template: index
10:12:28.350 logback [main] INFO  o.a.coyote.http11.Http11NioProtocol - Starting ProtocolHandler ["http-nio-8080"]
10:12:28.411 logback [main] INFO  o.s.b.w.e.tomcat.TomcatWebServer - Tomcat started on port(s): 8080 (http) with context path ''
10:12:28.414 logback [main] INFO  com.hyf.HyfApplication - Started HyfApplication in 2.385 seconds (JVM running for 3.064)
10:12:43.760 logback [main] INFO  com.hyf.HyfApplication - Starting HyfApplication on DESKTOP-PVECBGM with PID 27964 (C:\Users\huyuefei\Desktop\Code\MyBlog\target\classes started by huyuefei in C:\Users\huyuefei\Desktop\Code\MyBlog)
10:12:43.763 logback [main] INFO  com.hyf.HyfApplication - No active profile set, falling back to default profiles: default
10:12:44.438 logback [main] INFO  o.s.d.r.c.RepositoryConfigurationDelegate - Multiple Spring Data modules found, entering strict repository configuration mode!
10:12:44.440 logback [main] INFO  o.s.d.r.c.RepositoryConfigurationDelegate - Bootstrapping Spring Data Redis repositories in DEFAULT mode.
10:12:44.465 logback [main] INFO  o.s.d.r.c.RepositoryConfigurationDelegate - Finished Spring Data repository scanning in 14ms. Found 0 Redis repository interfaces.
10:12:44.921 logback [main] INFO  o.s.b.w.e.tomcat.TomcatWebServer - Tomcat initialized with port(s): 8080 (http)
10:12:44.932 logback [main] INFO  o.a.coyote.http11.Http11NioProtocol - Initializing ProtocolHandler ["http-nio-8080"]
10:12:44.942 logback [main] INFO  o.a.catalina.core.StandardService - Starting service [Tomcat]
10:12:44.942 logback [main] INFO  o.a.catalina.core.StandardEngine - Starting Servlet engine: [Apache Tomcat/9.0.37]
10:12:45.036 logback [main] INFO  o.a.c.c.C.[Tomcat].[localhost].[/] - Initializing Spring embedded WebApplicationContext
10:12:45.036 logback [main] INFO  o.s.web.context.ContextLoader - Root WebApplicationContext: initialization completed in 1166 ms
10:12:45.251 logback [main] INFO  o.s.s.c.ThreadPoolTaskExecutor - Initializing ExecutorService 'applicationTaskExecutor'
10:12:45.300 logback [main] INFO  o.s.b.a.w.s.WelcomePageHandlerMapping - Adding welcome page template: index
10:12:45.692 logback [main] INFO  o.a.coyote.http11.Http11NioProtocol - Starting ProtocolHandler ["http-nio-8080"]
10:12:45.749 logback [main] INFO  o.s.b.w.e.tomcat.TomcatWebServer - Tomcat started on port(s): 8080 (http) with context path ''
10:12:45.752 logback [main] INFO  com.hyf.HyfApplication - Started HyfApplication in 2.407 seconds (JVM running for 3.007)
10:13:37.856 logback [http-nio-8080-exec-1] INFO  o.a.c.c.C.[Tomcat].[localhost].[/] - Initializing Spring DispatcherServlet 'dispatcherServlet'
10:13:37.856 logback [http-nio-8080-exec-1] INFO  o.s.web.servlet.DispatcherServlet - Initializing Servlet 'dispatcherServlet'
10:13:37.863 logback [http-nio-8080-exec-1] INFO  o.s.web.servlet.DispatcherServlet - Completed initialization in 7 ms
10:13:39.659 logback [http-nio-8080-exec-1] ERROR o.a.c.c.C.[.[.[.[dispatcherServlet] - Servlet.service() for servlet [dispatcherServlet] in context with path [] threw exception [Request processing failed; nested exception is org.springframework.mail.MailSendException: Failed messages: javax.mail.SendFailedException: Invalid Addresses;
  nested exception is:
	com.sun.mail.smtp.SMTPAddressFailedException: 501 Bad address syntax. http://service.mail.qq.com/cgi-bin/help?subtype=1&&id=20022&&no=1000730
; message exceptions (1) are:
Failed message 1: javax.mail.SendFailedException: Invalid Addresses;
  nested exception is:
	com.sun.mail.smtp.SMTPAddressFailedException: 501 Bad address syntax. http://service.mail.qq.com/cgi-bin/help?subtype=1&&id=20022&&no=1000730
] with root cause
org.springframework.mail.MailSendException: Failed messages: javax.mail.SendFailedException: Invalid Addresses;
  nested exception is:
	com.sun.mail.smtp.SMTPAddressFailedException: 501 Bad address syntax. http://service.mail.qq.com/cgi-bin/help?subtype=1&&id=20022&&no=1000730

	at org.springframework.mail.javamail.JavaMailSenderImpl.doSend(JavaMailSenderImpl.java:491)
	at org.springframework.mail.javamail.JavaMailSenderImpl.send(JavaMailSenderImpl.java:323)
	at org.springframework.mail.javamail.JavaMailSenderImpl.send(JavaMailSenderImpl.java:312)
	at com.hyf.controller.EmailController.sendSimpleEmail(EmailController.java:32)
	at java.base/jdk.internal.reflect.NativeMethodAccessorImpl.invoke0(Native Method)
	at java.base/jdk.internal.reflect.NativeMethodAccessorImpl.invoke(NativeMethodAccessorImpl.java:62)
	at java.base/jdk.internal.reflect.DelegatingMethodAccessorImpl.invoke(DelegatingMethodAccessorImpl.java:43)
	at java.base/java.lang.reflect.Method.invoke(Method.java:567)
	at org.springframework.web.method.support.InvocableHandlerMethod.doInvoke(InvocableHandlerMethod.java:190)
	at org.springframework.web.method.support.InvocableHandlerMethod.invokeForRequest(InvocableHandlerMethod.java:138)
	at org.springframework.web.servlet.mvc.method.annotation.ServletInvocableHandlerMethod.invokeAndHandle(ServletInvocableHandlerMethod.java:105)
	at org.springframework.web.servlet.mvc.method.annotation.RequestMappingHandlerAdapter.invokeHandlerMethod(RequestMappingHandlerAdapter.java:892)
	at org.springframework.web.servlet.mvc.method.annotation.RequestMappingHandlerAdapter.handleInternal(RequestMappingHandlerAdapter.java:797)
	at org.springframework.web.servlet.mvc.method.AbstractHandlerMethodAdapter.handle(AbstractHandlerMethodAdapter.java:87)
	at org.springframework.web.servlet.DispatcherServlet.doDispatch(DispatcherServlet.java:1040)
	at org.springframework.web.servlet.DispatcherServlet.doService(DispatcherServlet.java:943)
	at org.springframework.web.servlet.FrameworkServlet.processRequest(FrameworkServlet.java:1006)
	at org.springframework.web.servlet.FrameworkServlet.doGet(FrameworkServlet.java:898)
	at javax.servlet.http.HttpServlet.service(HttpServlet.java:626)
	at org.springframework.web.servlet.FrameworkServlet.service(FrameworkServlet.java:883)
	at javax.servlet.http.HttpServlet.service(HttpServlet.java:733)
	at org.apache.catalina.core.ApplicationFilterChain.internalDoFilter(ApplicationFilterChain.java:231)
	at org.apache.catalina.core.ApplicationFilterChain.doFilter(ApplicationFilterChain.java:166)
	at org.apache.tomcat.websocket.server.WsFilter.doFilter(WsFilter.java:53)
	at org.apache.catalina.core.ApplicationFilterChain.internalDoFilter(ApplicationFilterChain.java:193)
	at org.apache.catalina.core.ApplicationFilterChain.doFilter(ApplicationFilterChain.java:166)
	at org.springframework.web.filter.RequestContextFilter.doFilterInternal(RequestContextFilter.java:100)
	at org.springframework.web.filter.OncePerRequestFilter.doFilter(OncePerRequestFilter.java:119)
	at org.apache.catalina.core.ApplicationFilterChain.internalDoFilter(ApplicationFilterChain.java:193)
	at org.apache.catalina.core.ApplicationFilterChain.doFilter(ApplicationFilterChain.java:166)
	at org.springframework.web.filter.FormContentFilter.doFilterInternal(FormContentFilter.java:93)
	at org.springframework.web.filter.OncePerRequestFilter.doFilter(OncePerRequestFilter.java:119)
	at org.apache.catalina.core.ApplicationFilterChain.internalDoFilter(ApplicationFilterChain.java:193)
	at org.apache.catalina.core.ApplicationFilterChain.doFilter(ApplicationFilterChain.java:166)
	at org.springframework.web.filter.HiddenHttpMethodFilter.doFilterInternal(HiddenHttpMethodFilter.java:94)
	at org.springframework.web.filter.OncePerRequestFilter.doFilter(OncePerRequestFilter.java:119)
	at org.apache.catalina.core.ApplicationFilterChain.internalDoFilter(ApplicationFilterChain.java:193)
	at org.apache.catalina.core.ApplicationFilterChain.doFilter(ApplicationFilterChain.java:166)
	at org.springframework.web.filter.CharacterEncodingFilter.doFilterInternal(CharacterEncodingFilter.java:201)
	at org.springframework.web.filter.OncePerRequestFilter.doFilter(OncePerRequestFilter.java:119)
	at org.apache.catalina.core.ApplicationFilterChain.internalDoFilter(ApplicationFilterChain.java:193)
	at org.apache.catalina.core.ApplicationFilterChain.doFilter(ApplicationFilterChain.java:166)
	at org.apache.catalina.core.StandardWrapperValve.invoke(StandardWrapperValve.java:202)
	at org.apache.catalina.core.StandardContextValve.invoke(StandardContextValve.java:96)
	at org.apache.catalina.authenticator.AuthenticatorBase.invoke(AuthenticatorBase.java:541)
	at org.apache.catalina.core.StandardHostValve.invoke(StandardHostValve.java:139)
	at org.apache.catalina.valves.ErrorReportValve.invoke(ErrorReportValve.java:92)
	at org.apache.catalina.core.StandardEngineValve.invoke(StandardEngineValve.java:74)
	at org.apache.catalina.connector.CoyoteAdapter.service(CoyoteAdapter.java:343)
	at org.apache.coyote.http11.Http11Processor.service(Http11Processor.java:373)
	at org.apache.coyote.AbstractProcessorLight.process(AbstractProcessorLight.java:65)
	at org.apache.coyote.AbstractProtocol$ConnectionHandler.process(AbstractProtocol.java:868)
	at org.apache.tomcat.util.net.NioEndpoint$SocketProcessor.doRun(NioEndpoint.java:1589)
	at org.apache.tomcat.util.net.SocketProcessorBase.run(SocketProcessorBase.java:49)
	at java.base/java.util.concurrent.ThreadPoolExecutor.runWorker(ThreadPoolExecutor.java:1128)
	at java.base/java.util.concurrent.ThreadPoolExecutor$Worker.run(ThreadPoolExecutor.java:628)
	at org.apache.tomcat.util.threads.TaskThread$WrappingRunnable.run(TaskThread.java:61)
	at java.base/java.lang.Thread.run(Thread.java:830)
10:14:07.983 logback [main] INFO  com.hyf.HyfApplication - Starting HyfApplication on DESKTOP-PVECBGM with PID 34692 (C:\Users\huyuefei\Desktop\Code\MyBlog\target\classes started by huyuefei in C:\Users\huyuefei\Desktop\Code\MyBlog)
10:14:07.987 logback [main] INFO  com.hyf.HyfApplication - No active profile set, falling back to default profiles: default
10:14:08.525 logback [main] INFO  o.s.d.r.c.RepositoryConfigurationDelegate - Multiple Spring Data modules found, entering strict repository configuration mode!
10:14:08.526 logback [main] INFO  o.s.d.r.c.RepositoryConfigurationDelegate - Bootstrapping Spring Data Redis repositories in DEFAULT mode.
10:14:08.551 logback [main] INFO  o.s.d.r.c.RepositoryConfigurationDelegate - Finished Spring Data repository scanning in 14ms. Found 0 Redis repository interfaces.
10:14:08.967 logback [main] INFO  o.s.b.w.e.tomcat.TomcatWebServer - Tomcat initialized with port(s): 8080 (http)
10:14:08.991 logback [main] INFO  o.a.coyote.http11.Http11NioProtocol - Initializing ProtocolHandler ["http-nio-8080"]
10:14:09.001 logback [main] INFO  o.a.catalina.core.StandardService - Starting service [Tomcat]
10:14:09.001 logback [main] INFO  o.a.catalina.core.StandardEngine - Starting Servlet engine: [Apache Tomcat/9.0.37]
10:14:09.096 logback [main] INFO  o.a.c.c.C.[Tomcat].[localhost].[/] - Initializing Spring embedded WebApplicationContext
10:14:09.096 logback [main] INFO  o.s.web.context.ContextLoader - Root WebApplicationContext: initialization completed in 1080 ms
10:14:09.326 logback [main] INFO  o.s.s.c.ThreadPoolTaskExecutor - Initializing ExecutorService 'applicationTaskExecutor'
10:14:09.377 logback [main] INFO  o.s.b.a.w.s.WelcomePageHandlerMapping - Adding welcome page template: index
10:14:09.803 logback [main] INFO  o.a.coyote.http11.Http11NioProtocol - Starting ProtocolHandler ["http-nio-8080"]
10:14:09.864 logback [main] INFO  o.s.b.w.e.tomcat.TomcatWebServer - Tomcat started on port(s): 8080 (http) with context path ''
10:14:09.867 logback [main] INFO  com.hyf.HyfApplication - Started HyfApplication in 2.374 seconds (JVM running for 3.095)
10:14:13.162 logback [http-nio-8080-exec-1] INFO  o.a.c.c.C.[Tomcat].[localhost].[/] - Initializing Spring DispatcherServlet 'dispatcherServlet'
10:14:13.163 logback [http-nio-8080-exec-1] INFO  o.s.web.servlet.DispatcherServlet - Initializing Servlet 'dispatcherServlet'
10:14:13.168 logback [http-nio-8080-exec-1] INFO  o.s.web.servlet.DispatcherServlet - Completed initialization in 5 ms
10:14:14.630 logback [http-nio-8080-exec-1] ERROR o.a.c.c.C.[.[.[.[dispatcherServlet] - Servlet.service() for servlet [dispatcherServlet] in context with path [] threw exception [Request processing failed; nested exception is org.springframework.mail.MailSendException: Failed messages: javax.mail.SendFailedException: Invalid Addresses;
  nested exception is:
	com.sun.mail.smtp.SMTPAddressFailedException: 501 Bad address syntax. http://service.mail.qq.com/cgi-bin/help?subtype=1&&id=20022&&no=1000730
; message exceptions (1) are:
Failed message 1: javax.mail.SendFailedException: Invalid Addresses;
  nested exception is:
	com.sun.mail.smtp.SMTPAddressFailedException: 501 Bad address syntax. http://service.mail.qq.com/cgi-bin/help?subtype=1&&id=20022&&no=1000730
] with root cause
org.springframework.mail.MailSendException: Failed messages: javax.mail.SendFailedException: Invalid Addresses;
  nested exception is:
	com.sun.mail.smtp.SMTPAddressFailedException: 501 Bad address syntax. http://service.mail.qq.com/cgi-bin/help?subtype=1&&id=20022&&no=1000730

	at org.springframework.mail.javamail.JavaMailSenderImpl.doSend(JavaMailSenderImpl.java:491)
	at org.springframework.mail.javamail.JavaMailSenderImpl.send(JavaMailSenderImpl.java:323)
	at org.springframework.mail.javamail.JavaMailSenderImpl.send(JavaMailSenderImpl.java:312)
	at com.hyf.controller.EmailController.sendSimpleEmail(EmailController.java:32)
	at java.base/jdk.internal.reflect.NativeMethodAccessorImpl.invoke0(Native Method)
	at java.base/jdk.internal.reflect.NativeMethodAccessorImpl.invoke(NativeMethodAccessorImpl.java:62)
	at java.base/jdk.internal.reflect.DelegatingMethodAccessorImpl.invoke(DelegatingMethodAccessorImpl.java:43)
	at java.base/java.lang.reflect.Method.invoke(Method.java:567)
	at org.springframework.web.method.support.InvocableHandlerMethod.doInvoke(InvocableHandlerMethod.java:190)
	at org.springframework.web.method.support.InvocableHandlerMethod.invokeForRequest(InvocableHandlerMethod.java:138)
	at org.springframework.web.servlet.mvc.method.annotation.ServletInvocableHandlerMethod.invokeAndHandle(ServletInvocableHandlerMethod.java:105)
	at org.springframework.web.servlet.mvc.method.annotation.RequestMappingHandlerAdapter.invokeHandlerMethod(RequestMappingHandlerAdapter.java:892)
	at org.springframework.web.servlet.mvc.method.annotation.RequestMappingHandlerAdapter.handleInternal(RequestMappingHandlerAdapter.java:797)
	at org.springframework.web.servlet.mvc.method.AbstractHandlerMethodAdapter.handle(AbstractHandlerMethodAdapter.java:87)
	at org.springframework.web.servlet.DispatcherServlet.doDispatch(DispatcherServlet.java:1040)
	at org.springframework.web.servlet.DispatcherServlet.doService(DispatcherServlet.java:943)
	at org.springframework.web.servlet.FrameworkServlet.processRequest(FrameworkServlet.java:1006)
	at org.springframework.web.servlet.FrameworkServlet.doGet(FrameworkServlet.java:898)
	at javax.servlet.http.HttpServlet.service(HttpServlet.java:626)
	at org.springframework.web.servlet.FrameworkServlet.service(FrameworkServlet.java:883)
	at javax.servlet.http.HttpServlet.service(HttpServlet.java:733)
	at org.apache.catalina.core.ApplicationFilterChain.internalDoFilter(ApplicationFilterChain.java:231)
	at org.apache.catalina.core.ApplicationFilterChain.doFilter(ApplicationFilterChain.java:166)
	at org.apache.tomcat.websocket.server.WsFilter.doFilter(WsFilter.java:53)
	at org.apache.catalina.core.ApplicationFilterChain.internalDoFilter(ApplicationFilterChain.java:193)
	at org.apache.catalina.core.ApplicationFilterChain.doFilter(ApplicationFilterChain.java:166)
	at org.springframework.web.filter.RequestContextFilter.doFilterInternal(RequestContextFilter.java:100)
	at org.springframework.web.filter.OncePerRequestFilter.doFilter(OncePerRequestFilter.java:119)
	at org.apache.catalina.core.ApplicationFilterChain.internalDoFilter(ApplicationFilterChain.java:193)
	at org.apache.catalina.core.ApplicationFilterChain.doFilter(ApplicationFilterChain.java:166)
	at org.springframework.web.filter.FormContentFilter.doFilterInternal(FormContentFilter.java:93)
	at org.springframework.web.filter.OncePerRequestFilter.doFilter(OncePerRequestFilter.java:119)
	at org.apache.catalina.core.ApplicationFilterChain.internalDoFilter(ApplicationFilterChain.java:193)
	at org.apache.catalina.core.ApplicationFilterChain.doFilter(ApplicationFilterChain.java:166)
	at org.springframework.web.filter.HiddenHttpMethodFilter.doFilterInternal(HiddenHttpMethodFilter.java:94)
	at org.springframework.web.filter.OncePerRequestFilter.doFilter(OncePerRequestFilter.java:119)
	at org.apache.catalina.core.ApplicationFilterChain.internalDoFilter(ApplicationFilterChain.java:193)
	at org.apache.catalina.core.ApplicationFilterChain.doFilter(ApplicationFilterChain.java:166)
	at org.springframework.web.filter.CharacterEncodingFilter.doFilterInternal(CharacterEncodingFilter.java:201)
	at org.springframework.web.filter.OncePerRequestFilter.doFilter(OncePerRequestFilter.java:119)
	at org.apache.catalina.core.ApplicationFilterChain.internalDoFilter(ApplicationFilterChain.java:193)
	at org.apache.catalina.core.ApplicationFilterChain.doFilter(ApplicationFilterChain.java:166)
	at org.apache.catalina.core.StandardWrapperValve.invoke(StandardWrapperValve.java:202)
	at org.apache.catalina.core.StandardContextValve.invoke(StandardContextValve.java:96)
	at org.apache.catalina.authenticator.AuthenticatorBase.invoke(AuthenticatorBase.java:541)
	at org.apache.catalina.core.StandardHostValve.invoke(StandardHostValve.java:139)
	at org.apache.catalina.valves.ErrorReportValve.invoke(ErrorReportValve.java:92)
	at org.apache.catalina.core.StandardEngineValve.invoke(StandardEngineValve.java:74)
	at org.apache.catalina.connector.CoyoteAdapter.service(CoyoteAdapter.java:343)
	at org.apache.coyote.http11.Http11Processor.service(Http11Processor.java:373)
	at org.apache.coyote.AbstractProcessorLight.process(AbstractProcessorLight.java:65)
	at org.apache.coyote.AbstractProtocol$ConnectionHandler.process(AbstractProtocol.java:868)
	at org.apache.tomcat.util.net.NioEndpoint$SocketProcessor.doRun(NioEndpoint.java:1589)
	at org.apache.tomcat.util.net.SocketProcessorBase.run(SocketProcessorBase.java:49)
	at java.base/java.util.concurrent.ThreadPoolExecutor.runWorker(ThreadPoolExecutor.java:1128)
	at java.base/java.util.concurrent.ThreadPoolExecutor$Worker.run(ThreadPoolExecutor.java:628)
	at org.apache.tomcat.util.threads.TaskThread$WrappingRunnable.run(TaskThread.java:61)
	at java.base/java.lang.Thread.run(Thread.java:830)
10:14:32.118 logback [main] INFO  com.hyf.HyfApplication - Starting HyfApplication on DESKTOP-PVECBGM with PID 17500 (C:\Users\huyuefei\Desktop\Code\MyBlog\target\classes started by huyuefei in C:\Users\huyuefei\Desktop\Code\MyBlog)
10:14:32.121 logback [main] INFO  com.hyf.HyfApplication - No active profile set, falling back to default profiles: default
10:14:32.732 logback [main] INFO  o.s.d.r.c.RepositoryConfigurationDelegate - Multiple Spring Data modules found, entering strict repository configuration mode!
10:14:32.734 logback [main] INFO  o.s.d.r.c.RepositoryConfigurationDelegate - Bootstrapping Spring Data Redis repositories in DEFAULT mode.
10:14:32.760 logback [main] INFO  o.s.d.r.c.RepositoryConfigurationDelegate - Finished Spring Data repository scanning in 15ms. Found 0 Redis repository interfaces.
10:14:33.204 logback [main] INFO  o.s.b.w.e.tomcat.TomcatWebServer - Tomcat initialized with port(s): 8080 (http)
10:14:33.217 logback [main] INFO  o.a.coyote.http11.Http11NioProtocol - Initializing ProtocolHandler ["http-nio-8080"]
10:14:33.228 logback [main] INFO  o.a.catalina.core.StandardService - Starting service [Tomcat]
10:14:33.228 logback [main] INFO  o.a.catalina.core.StandardEngine - Starting Servlet engine: [Apache Tomcat/9.0.37]
10:14:33.333 logback [main] INFO  o.a.c.c.C.[Tomcat].[localhost].[/] - Initializing Spring embedded WebApplicationContext
10:14:33.333 logback [main] INFO  o.s.web.context.ContextLoader - Root WebApplicationContext: initialization completed in 1137 ms
10:14:33.575 logback [main] INFO  o.s.s.c.ThreadPoolTaskExecutor - Initializing ExecutorService 'applicationTaskExecutor'
10:14:33.626 logback [main] INFO  o.s.b.a.w.s.WelcomePageHandlerMapping - Adding welcome page template: index
10:14:34.036 logback [main] INFO  o.a.coyote.http11.Http11NioProtocol - Starting ProtocolHandler ["http-nio-8080"]
10:14:34.095 logback [main] INFO  o.s.b.w.e.tomcat.TomcatWebServer - Tomcat started on port(s): 8080 (http) with context path ''
10:14:34.098 logback [main] INFO  com.hyf.HyfApplication - Started HyfApplication in 2.382 seconds (JVM running for 3.009)
10:14:36.115 logback [http-nio-8080-exec-1] INFO  o.a.c.c.C.[Tomcat].[localhost].[/] - Initializing Spring DispatcherServlet 'dispatcherServlet'
10:14:36.116 logback [http-nio-8080-exec-1] INFO  o.s.web.servlet.DispatcherServlet - Initializing Servlet 'dispatcherServlet'
10:14:36.122 logback [http-nio-8080-exec-1] INFO  o.s.web.servlet.DispatcherServlet - Completed initialization in 6 ms
10:41:42.685 logback [main] INFO  com.hyf.HyfApplication - Starting HyfApplication on DESKTOP-PVECBGM with PID 33864 (C:\Users\huyuefei\Desktop\Code\MyBlog\target\classes started by huyuefei in C:\Users\huyuefei\Desktop\Code\MyBlog)
10:41:42.687 logback [main] INFO  com.hyf.HyfApplication - No active profile set, falling back to default profiles: default
10:41:43.269 logback [main] INFO  o.s.d.r.c.RepositoryConfigurationDelegate - Multiple Spring Data modules found, entering strict repository configuration mode!
10:41:43.270 logback [main] INFO  o.s.d.r.c.RepositoryConfigurationDelegate - Bootstrapping Spring Data Redis repositories in DEFAULT mode.
10:41:43.296 logback [main] INFO  o.s.d.r.c.RepositoryConfigurationDelegate - Finished Spring Data repository scanning in 15ms. Found 0 Redis repository interfaces.
10:41:43.739 logback [main] INFO  o.s.b.w.e.tomcat.TomcatWebServer - Tomcat initialized with port(s): 8080 (http)
10:41:43.751 logback [main] INFO  o.a.coyote.http11.Http11NioProtocol - Initializing ProtocolHandler ["http-nio-8080"]
10:41:43.773 logback [main] INFO  o.a.catalina.core.StandardService - Starting service [Tomcat]
10:41:43.773 logback [main] INFO  o.a.catalina.core.StandardEngine - Starting Servlet engine: [Apache Tomcat/9.0.37]
10:41:43.880 logback [main] INFO  o.a.c.c.C.[Tomcat].[localhost].[/] - Initializing Spring embedded WebApplicationContext
10:41:43.880 logback [main] INFO  o.s.web.context.ContextLoader - Root WebApplicationContext: initialization completed in 1165 ms
10:41:44.165 logback [main] INFO  o.s.s.c.ThreadPoolTaskExecutor - Initializing ExecutorService 'applicationTaskExecutor'
10:41:44.219 logback [main] INFO  o.s.b.a.w.s.WelcomePageHandlerMapping - Adding welcome page template: index
10:41:44.669 logback [main] INFO  o.a.coyote.http11.Http11NioProtocol - Starting ProtocolHandler ["http-nio-8080"]
10:41:44.748 logback [main] INFO  o.s.b.w.e.tomcat.TomcatWebServer - Tomcat started on port(s): 8080 (http) with context path ''
10:41:44.752 logback [main] INFO  com.hyf.HyfApplication - Started HyfApplication in 2.472 seconds (JVM running for 3.168)
10:41:49.010 logback [http-nio-8080-exec-1] INFO  o.a.c.c.C.[Tomcat].[localhost].[/] - Initializing Spring DispatcherServlet 'dispatcherServlet'
10:41:49.011 logback [http-nio-8080-exec-1] INFO  o.s.web.servlet.DispatcherServlet - Initializing Servlet 'dispatcherServlet'
10:41:49.017 logback [http-nio-8080-exec-1] INFO  o.s.web.servlet.DispatcherServlet - Completed initialization in 6 ms
10:46:07.356 logback [main] INFO  com.hyf.HyfApplication - Starting HyfApplication on DESKTOP-PVECBGM with PID 33432 (C:\Users\huyuefei\Desktop\Code\MyBlog\target\classes started by huyuefei in C:\Users\huyuefei\Desktop\Code\MyBlog)
10:46:07.358 logback [main] INFO  com.hyf.HyfApplication - No active profile set, falling back to default profiles: default
10:46:07.928 logback [main] INFO  o.s.d.r.c.RepositoryConfigurationDelegate - Multiple Spring Data modules found, entering strict repository configuration mode!
10:46:07.930 logback [main] INFO  o.s.d.r.c.RepositoryConfigurationDelegate - Bootstrapping Spring Data Redis repositories in DEFAULT mode.
10:46:07.956 logback [main] INFO  o.s.d.r.c.RepositoryConfigurationDelegate - Finished Spring Data repository scanning in 15ms. Found 0 Redis repository interfaces.
10:46:08.385 logback [main] INFO  o.s.b.w.e.tomcat.TomcatWebServer - Tomcat initialized with port(s): 8080 (http)
10:46:08.397 logback [main] INFO  o.a.coyote.http11.Http11NioProtocol - Initializing ProtocolHandler ["http-nio-8080"]
10:46:08.407 logback [main] INFO  o.a.catalina.core.StandardService - Starting service [Tomcat]
10:46:08.407 logback [main] INFO  o.a.catalina.core.StandardEngine - Starting Servlet engine: [Apache Tomcat/9.0.37]
10:46:08.505 logback [main] INFO  o.a.c.c.C.[Tomcat].[localhost].[/] - Initializing Spring embedded WebApplicationContext
10:46:08.505 logback [main] INFO  o.s.web.context.ContextLoader - Root WebApplicationContext: initialization completed in 1121 ms
10:46:08.744 logback [main] INFO  o.s.s.c.ThreadPoolTaskExecutor - Initializing ExecutorService 'applicationTaskExecutor'
10:46:08.796 logback [main] INFO  o.s.b.a.w.s.WelcomePageHandlerMapping - Adding welcome page template: index
10:46:09.201 logback [main] INFO  o.a.coyote.http11.Http11NioProtocol - Starting ProtocolHandler ["http-nio-8080"]
10:46:09.259 logback [main] INFO  o.s.b.w.e.tomcat.TomcatWebServer - Tomcat started on port(s): 8080 (http) with context path ''
10:46:09.262 logback [main] INFO  com.hyf.HyfApplication - Started HyfApplication in 2.329 seconds (JVM running for 3.076)
10:46:13.695 logback [http-nio-8080-exec-1] INFO  o.a.c.c.C.[Tomcat].[localhost].[/] - Initializing Spring DispatcherServlet 'dispatcherServlet'
10:46:13.696 logback [http-nio-8080-exec-1] INFO  o.s.web.servlet.DispatcherServlet - Initializing Servlet 'dispatcherServlet'
10:46:13.701 logback [http-nio-8080-exec-1] INFO  o.s.web.servlet.DispatcherServlet - Completed initialization in 5 ms
10:50:04.402 logback [main] INFO  com.hyf.HyfApplication - Starting HyfApplication on DESKTOP-PVECBGM with PID 33844 (C:\Users\huyuefei\Desktop\Code\MyBlog\target\classes started by huyuefei in C:\Users\huyuefei\Desktop\Code\MyBlog)
10:50:04.404 logback [main] INFO  com.hyf.HyfApplication - No active profile set, falling back to default profiles: default
10:50:04.960 logback [main] INFO  o.s.d.r.c.RepositoryConfigurationDelegate - Multiple Spring Data modules found, entering strict repository configuration mode!
10:50:04.962 logback [main] INFO  o.s.d.r.c.RepositoryConfigurationDelegate - Bootstrapping Spring Data Redis repositories in DEFAULT mode.
10:50:04.988 logback [main] INFO  o.s.d.r.c.RepositoryConfigurationDelegate - Finished Spring Data repository scanning in 15ms. Found 0 Redis repository interfaces.
10:50:05.420 logback [main] INFO  o.s.b.w.e.tomcat.TomcatWebServer - Tomcat initialized with port(s): 8080 (http)
10:50:05.433 logback [main] INFO  o.a.coyote.http11.Http11NioProtocol - Initializing ProtocolHandler ["http-nio-8080"]
10:50:05.444 logback [main] INFO  o.a.catalina.core.StandardService - Starting service [Tomcat]
10:50:05.444 logback [main] INFO  o.a.catalina.core.StandardEngine - Starting Servlet engine: [Apache Tomcat/9.0.37]
10:50:05.541 logback [main] INFO  o.a.c.c.C.[Tomcat].[localhost].[/] - Initializing Spring embedded WebApplicationContext
10:50:05.542 logback [main] INFO  o.s.web.context.ContextLoader - Root WebApplicationContext: initialization completed in 1111 ms
10:50:05.829 logback [main] INFO  o.s.s.c.ThreadPoolTaskExecutor - Initializing ExecutorService 'applicationTaskExecutor'
10:50:05.888 logback [main] INFO  o.s.b.a.w.s.WelcomePageHandlerMapping - Adding welcome page template: index
10:50:06.410 logback [main] INFO  o.a.coyote.http11.Http11NioProtocol - Starting ProtocolHandler ["http-nio-8080"]
10:50:06.473 logback [main] INFO  o.s.b.w.e.tomcat.TomcatWebServer - Tomcat started on port(s): 8080 (http) with context path ''
10:50:06.476 logback [main] INFO  com.hyf.HyfApplication - Started HyfApplication in 2.515 seconds (JVM running for 3.822)
10:50:07.406 logback [http-nio-8080-exec-1] INFO  o.a.c.c.C.[Tomcat].[localhost].[/] - Initializing Spring DispatcherServlet 'dispatcherServlet'
10:50:07.407 logback [http-nio-8080-exec-1] INFO  o.s.web.servlet.DispatcherServlet - Initializing Servlet 'dispatcherServlet'
10:50:07.413 logback [http-nio-8080-exec-1] INFO  o.s.web.servlet.DispatcherServlet - Completed initialization in 6 ms
10:51:42.185 logback [main] INFO  com.hyf.HyfApplication - Starting HyfApplication on DESKTOP-PVECBGM with PID 26452 (C:\Users\huyuefei\Desktop\Code\MyBlog\target\classes started by huyuefei in C:\Users\huyuefei\Desktop\Code\MyBlog)
10:51:42.188 logback [main] INFO  com.hyf.HyfApplication - No active profile set, falling back to default profiles: default
10:51:42.859 logback [main] INFO  o.s.d.r.c.RepositoryConfigurationDelegate - Multiple Spring Data modules found, entering strict repository configuration mode!
10:51:42.861 logback [main] INFO  o.s.d.r.c.RepositoryConfigurationDelegate - Bootstrapping Spring Data Redis repositories in DEFAULT mode.
10:51:42.886 logback [main] INFO  o.s.d.r.c.RepositoryConfigurationDelegate - Finished Spring Data repository scanning in 15ms. Found 0 Redis repository interfaces.
10:51:43.334 logback [main] INFO  o.s.b.w.e.tomcat.TomcatWebServer - Tomcat initialized with port(s): 8080 (http)
10:51:43.362 logback [main] INFO  o.a.coyote.http11.Http11NioProtocol - Initializing ProtocolHandler ["http-nio-8080"]
10:51:43.374 logback [main] INFO  o.a.catalina.core.StandardService - Starting service [Tomcat]
10:51:43.374 logback [main] INFO  o.a.catalina.core.StandardEngine - Starting Servlet engine: [Apache Tomcat/9.0.37]
10:51:43.473 logback [main] INFO  o.a.c.c.C.[Tomcat].[localhost].[/] - Initializing Spring embedded WebApplicationContext
10:51:43.473 logback [main] INFO  o.s.web.context.ContextLoader - Root WebApplicationContext: initialization completed in 1251 ms
10:51:43.770 logback [main] INFO  o.s.s.c.ThreadPoolTaskExecutor - Initializing ExecutorService 'applicationTaskExecutor'
10:51:43.826 logback [main] INFO  o.s.b.a.w.s.WelcomePageHandlerMapping - Adding welcome page template: index
10:51:44.246 logback [main] INFO  o.a.coyote.http11.Http11NioProtocol - Starting ProtocolHandler ["http-nio-8080"]
10:51:44.312 logback [main] INFO  o.s.b.w.e.tomcat.TomcatWebServer - Tomcat started on port(s): 8080 (http) with context path ''
10:51:44.315 logback [main] INFO  com.hyf.HyfApplication - Started HyfApplication in 2.61 seconds (JVM running for 3.544)
10:51:50.381 logback [main] INFO  com.hyf.HyfApplication - Starting HyfApplication on DESKTOP-PVECBGM with PID 32996 (C:\Users\huyuefei\Desktop\Code\MyBlog\target\classes started by huyuefei in C:\Users\huyuefei\Desktop\Code\MyBlog)
10:51:50.384 logback [main] INFO  com.hyf.HyfApplication - No active profile set, falling back to default profiles: default
10:51:50.934 logback [main] INFO  o.s.d.r.c.RepositoryConfigurationDelegate - Multiple Spring Data modules found, entering strict repository configuration mode!
10:51:50.936 logback [main] INFO  o.s.d.r.c.RepositoryConfigurationDelegate - Bootstrapping Spring Data Redis repositories in DEFAULT mode.
10:51:50.961 logback [main] INFO  o.s.d.r.c.RepositoryConfigurationDelegate - Finished Spring Data repository scanning in 15ms. Found 0 Redis repository interfaces.
10:51:51.396 logback [main] INFO  o.s.b.w.e.tomcat.TomcatWebServer - Tomcat initialized with port(s): 8080 (http)
10:51:51.408 logback [main] INFO  o.a.coyote.http11.Http11NioProtocol - Initializing ProtocolHandler ["http-nio-8080"]
10:51:51.417 logback [main] INFO  o.a.catalina.core.StandardService - Starting service [Tomcat]
10:51:51.417 logback [main] INFO  o.a.catalina.core.StandardEngine - Starting Servlet engine: [Apache Tomcat/9.0.37]
10:51:51.515 logback [main] INFO  o.a.c.c.C.[Tomcat].[localhost].[/] - Initializing Spring embedded WebApplicationContext
10:51:51.515 logback [main] INFO  o.s.web.context.ContextLoader - Root WebApplicationContext: initialization completed in 1099 ms
10:51:51.741 logback [main] INFO  o.s.s.c.ThreadPoolTaskExecutor - Initializing ExecutorService 'applicationTaskExecutor'
10:51:51.793 logback [main] INFO  o.s.b.a.w.s.WelcomePageHandlerMapping - Adding welcome page template: index
10:51:52.191 logback [main] INFO  o.a.coyote.http11.Http11NioProtocol - Starting ProtocolHandler ["http-nio-8080"]
10:51:52.250 logback [main] INFO  o.s.b.w.e.tomcat.TomcatWebServer - Tomcat started on port(s): 8080 (http) with context path ''
10:51:52.253 logback [main] INFO  com.hyf.HyfApplication - Started HyfApplication in 2.264 seconds (JVM running for 3.093)
10:51:54.332 logback [http-nio-8080-exec-1] INFO  o.a.c.c.C.[Tomcat].[localhost].[/] - Initializing Spring DispatcherServlet 'dispatcherServlet'
10:51:54.333 logback [http-nio-8080-exec-1] INFO  o.s.web.servlet.DispatcherServlet - Initializing Servlet 'dispatcherServlet'
10:51:54.339 logback [http-nio-8080-exec-1] INFO  o.s.web.servlet.DispatcherServlet - Completed initialization in 6 ms
10:52:41.672 logback [main] INFO  com.hyf.HyfApplication - Starting HyfApplication on DESKTOP-PVECBGM with PID 16656 (C:\Users\huyuefei\Desktop\Code\MyBlog\target\classes started by huyuefei in C:\Users\huyuefei\Desktop\Code\MyBlog)
10:52:41.674 logback [main] INFO  com.hyf.HyfApplication - No active profile set, falling back to default profiles: default
10:52:42.291 logback [main] INFO  o.s.d.r.c.RepositoryConfigurationDelegate - Multiple Spring Data modules found, entering strict repository configuration mode!
10:52:42.293 logback [main] INFO  o.s.d.r.c.RepositoryConfigurationDelegate - Bootstrapping Spring Data Redis repositories in DEFAULT mode.
10:52:42.319 logback [main] INFO  o.s.d.r.c.RepositoryConfigurationDelegate - Finished Spring Data repository scanning in 16ms. Found 0 Redis repository interfaces.
10:52:42.769 logback [main] INFO  o.s.b.w.e.tomcat.TomcatWebServer - Tomcat initialized with port(s): 8080 (http)
10:52:42.781 logback [main] INFO  o.a.coyote.http11.Http11NioProtocol - Initializing ProtocolHandler ["http-nio-8080"]
10:52:42.805 logback [main] INFO  o.a.catalina.core.StandardService - Starting service [Tomcat]
10:52:42.805 logback [main] INFO  o.a.catalina.core.StandardEngine - Starting Servlet engine: [Apache Tomcat/9.0.37]
10:52:42.910 logback [main] INFO  o.a.c.c.C.[Tomcat].[localhost].[/] - Initializing Spring embedded WebApplicationContext
10:52:42.911 logback [main] INFO  o.s.web.context.ContextLoader - Root WebApplicationContext: initialization completed in 1193 ms
10:52:43.152 logback [main] INFO  o.s.s.c.ThreadPoolTaskExecutor - Initializing ExecutorService 'applicationTaskExecutor'
10:52:43.207 logback [main] INFO  o.s.b.a.w.s.WelcomePageHandlerMapping - Adding welcome page template: index
10:52:43.629 logback [main] INFO  o.a.coyote.http11.Http11NioProtocol - Starting ProtocolHandler ["http-nio-8080"]
10:52:43.689 logback [main] INFO  o.s.b.w.e.tomcat.TomcatWebServer - Tomcat started on port(s): 8080 (http) with context path ''
10:52:43.692 logback [main] INFO  com.hyf.HyfApplication - Started HyfApplication in 2.433 seconds (JVM running for 3.337)
10:52:43.779 logback [http-nio-8080-exec-1] INFO  o.a.c.c.C.[Tomcat].[localhost].[/] - Initializing Spring DispatcherServlet 'dispatcherServlet'
10:52:43.780 logback [http-nio-8080-exec-1] INFO  o.s.web.servlet.DispatcherServlet - Initializing Servlet 'dispatcherServlet'
10:52:43.786 logback [http-nio-8080-exec-1] INFO  o.s.web.servlet.DispatcherServlet - Completed initialization in 6 ms
10:55:01.001 logback [main] INFO  com.hyf.HyfApplication - Starting HyfApplication on DESKTOP-PVECBGM with PID 17904 (C:\Users\huyuefei\Desktop\Code\MyBlog\target\classes started by huyuefei in C:\Users\huyuefei\Desktop\Code\MyBlog)
10:55:01.004 logback [main] INFO  com.hyf.HyfApplication - No active profile set, falling back to default profiles: default
10:55:01.693 logback [main] INFO  o.s.d.r.c.RepositoryConfigurationDelegate - Multiple Spring Data modules found, entering strict repository configuration mode!
10:55:01.695 logback [main] INFO  o.s.d.r.c.RepositoryConfigurationDelegate - Bootstrapping Spring Data Redis repositories in DEFAULT mode.
10:55:01.722 logback [main] INFO  o.s.d.r.c.RepositoryConfigurationDelegate - Finished Spring Data repository scanning in 17ms. Found 0 Redis repository interfaces.
10:55:02.196 logback [main] INFO  o.s.b.w.e.tomcat.TomcatWebServer - Tomcat initialized with port(s): 8080 (http)
10:55:02.211 logback [main] INFO  o.a.coyote.http11.Http11NioProtocol - Initializing ProtocolHandler ["http-nio-8080"]
10:55:02.222 logback [main] INFO  o.a.catalina.core.StandardService - Starting service [Tomcat]
10:55:02.222 logback [main] INFO  o.a.catalina.core.StandardEngine - Starting Servlet engine: [Apache Tomcat/9.0.37]
10:55:02.332 logback [main] INFO  o.a.c.c.C.[Tomcat].[localhost].[/] - Initializing Spring embedded WebApplicationContext
10:55:02.333 logback [main] INFO  o.s.web.context.ContextLoader - Root WebApplicationContext: initialization completed in 1287 ms
10:55:02.581 logback [main] INFO  o.s.s.c.ThreadPoolTaskExecutor - Initializing ExecutorService 'applicationTaskExecutor'
10:55:02.636 logback [main] INFO  o.s.b.a.w.s.WelcomePageHandlerMapping - Adding welcome page template: index
10:55:03.089 logback [main] INFO  o.a.coyote.http11.Http11NioProtocol - Starting ProtocolHandler ["http-nio-8080"]
10:55:03.149 logback [main] INFO  o.s.b.w.e.tomcat.TomcatWebServer - Tomcat started on port(s): 8080 (http) with context path ''
10:55:03.153 logback [main] INFO  com.hyf.HyfApplication - Started HyfApplication in 2.561 seconds (JVM running for 3.393)
10:55:03.372 logback [http-nio-8080-exec-1] INFO  o.a.c.c.C.[Tomcat].[localhost].[/] - Initializing Spring DispatcherServlet 'dispatcherServlet'
10:55:03.373 logback [http-nio-8080-exec-1] INFO  o.s.web.servlet.DispatcherServlet - Initializing Servlet 'dispatcherServlet'
10:55:03.381 logback [http-nio-8080-exec-1] INFO  o.s.web.servlet.DispatcherServlet - Completed initialization in 7 ms
10:56:47.757 logback [main] INFO  com.hyf.HyfApplication - Starting HyfApplication on DESKTOP-PVECBGM with PID 34016 (C:\Users\huyuefei\Desktop\Code\MyBlog\target\classes started by huyuefei in C:\Users\huyuefei\Desktop\Code\MyBlog)
10:56:47.763 logback [main] INFO  com.hyf.HyfApplication - No active profile set, falling back to default profiles: default
10:56:48.303 logback [main] INFO  o.s.d.r.c.RepositoryConfigurationDelegate - Multiple Spring Data modules found, entering strict repository configuration mode!
10:56:48.304 logback [main] INFO  o.s.d.r.c.RepositoryConfigurationDelegate - Bootstrapping Spring Data Redis repositories in DEFAULT mode.
10:56:48.328 logback [main] INFO  o.s.d.r.c.RepositoryConfigurationDelegate - Finished Spring Data repository scanning in 14ms. Found 0 Redis repository interfaces.
10:56:48.746 logback [main] INFO  o.s.b.w.e.tomcat.TomcatWebServer - Tomcat initialized with port(s): 8080 (http)
10:56:48.758 logback [main] INFO  o.a.coyote.http11.Http11NioProtocol - Initializing ProtocolHandler ["http-nio-8080"]
10:56:48.768 logback [main] INFO  o.a.catalina.core.StandardService - Starting service [Tomcat]
10:56:48.768 logback [main] INFO  o.a.catalina.core.StandardEngine - Starting Servlet engine: [Apache Tomcat/9.0.37]
10:56:48.866 logback [main] INFO  o.a.c.c.C.[Tomcat].[localhost].[/] - Initializing Spring embedded WebApplicationContext
10:56:48.866 logback [main] INFO  o.s.web.context.ContextLoader - Root WebApplicationContext: initialization completed in 1065 ms
10:56:49.092 logback [main] INFO  o.s.s.c.ThreadPoolTaskExecutor - Initializing ExecutorService 'applicationTaskExecutor'
10:56:49.143 logback [main] INFO  o.s.b.a.w.s.WelcomePageHandlerMapping - Adding welcome page template: index
10:56:49.563 logback [main] INFO  o.a.coyote.http11.Http11NioProtocol - Starting ProtocolHandler ["http-nio-8080"]
10:56:49.621 logback [main] INFO  o.s.b.w.e.tomcat.TomcatWebServer - Tomcat started on port(s): 8080 (http) with context path ''
10:56:49.624 logback [main] INFO  com.hyf.HyfApplication - Started HyfApplication in 2.284 seconds (JVM running for 3.06)
10:56:53.847 logback [http-nio-8080-exec-1] INFO  o.a.c.c.C.[Tomcat].[localhost].[/] - Initializing Spring DispatcherServlet 'dispatcherServlet'
10:56:53.849 logback [http-nio-8080-exec-1] INFO  o.s.web.servlet.DispatcherServlet - Initializing Servlet 'dispatcherServlet'
10:56:53.857 logback [http-nio-8080-exec-1] INFO  o.s.web.servlet.DispatcherServlet - Completed initialization in 8 ms
10:57:20.848 logback [main] INFO  com.hyf.HyfApplication - Starting HyfApplication on DESKTOP-PVECBGM with PID 30924 (C:\Users\huyuefei\Desktop\Code\MyBlog\target\classes started by huyuefei in C:\Users\huyuefei\Desktop\Code\MyBlog)
10:57:20.852 logback [main] INFO  com.hyf.HyfApplication - No active profile set, falling back to default profiles: default
10:57:21.433 logback [main] INFO  o.s.d.r.c.RepositoryConfigurationDelegate - Multiple Spring Data modules found, entering strict repository configuration mode!
10:57:21.435 logback [main] INFO  o.s.d.r.c.RepositoryConfigurationDelegate - Bootstrapping Spring Data Redis repositories in DEFAULT mode.
10:57:21.461 logback [main] INFO  o.s.d.r.c.RepositoryConfigurationDelegate - Finished Spring Data repository scanning in 15ms. Found 0 Redis repository interfaces.
10:57:21.873 logback [main] INFO  o.s.b.w.e.tomcat.TomcatWebServer - Tomcat initialized with port(s): 8080 (http)
10:57:21.886 logback [main] INFO  o.a.coyote.http11.Http11NioProtocol - Initializing ProtocolHandler ["http-nio-8080"]
10:57:21.908 logback [main] INFO  o.a.catalina.core.StandardService - Starting service [Tomcat]
10:57:21.908 logback [main] INFO  o.a.catalina.core.StandardEngine - Starting Servlet engine: [Apache Tomcat/9.0.37]
10:57:22.004 logback [main] INFO  o.a.c.c.C.[Tomcat].[localhost].[/] - Initializing Spring embedded WebApplicationContext
10:57:22.005 logback [main] INFO  o.s.web.context.ContextLoader - Root WebApplicationContext: initialization completed in 1104 ms
10:57:22.233 logback [main] INFO  o.s.s.c.ThreadPoolTaskExecutor - Initializing ExecutorService 'applicationTaskExecutor'
10:57:22.285 logback [main] INFO  o.s.b.a.w.s.WelcomePageHandlerMapping - Adding welcome page template: index
10:57:22.690 logback [main] INFO  o.a.coyote.http11.Http11NioProtocol - Starting ProtocolHandler ["http-nio-8080"]
10:57:22.748 logback [main] INFO  o.s.b.w.e.tomcat.TomcatWebServer - Tomcat started on port(s): 8080 (http) with context path ''
10:57:22.751 logback [main] INFO  com.hyf.HyfApplication - Started HyfApplication in 2.342 seconds (JVM running for 3.292)
10:57:25.006 logback [http-nio-8080-exec-1] INFO  o.a.c.c.C.[Tomcat].[localhost].[/] - Initializing Spring DispatcherServlet 'dispatcherServlet'
10:57:25.007 logback [http-nio-8080-exec-1] INFO  o.s.web.servlet.DispatcherServlet - Initializing Servlet 'dispatcherServlet'
10:57:25.012 logback [http-nio-8080-exec-1] INFO  o.s.web.servlet.DispatcherServlet - Completed initialization in 5 ms
10:57:39.876 logback [main] INFO  com.hyf.HyfApplication - Starting HyfApplication on DESKTOP-PVECBGM with PID 34112 (C:\Users\huyuefei\Desktop\Code\MyBlog\target\classes started by huyuefei in C:\Users\huyuefei\Desktop\Code\MyBlog)
10:57:39.880 logback [main] INFO  com.hyf.HyfApplication - No active profile set, falling back to default profiles: default
10:57:40.628 logback [main] INFO  o.s.d.r.c.RepositoryConfigurationDelegate - Multiple Spring Data modules found, entering strict repository configuration mode!
10:57:40.630 logback [main] INFO  o.s.d.r.c.RepositoryConfigurationDelegate - Bootstrapping Spring Data Redis repositories in DEFAULT mode.
10:57:40.656 logback [main] INFO  o.s.d.r.c.RepositoryConfigurationDelegate - Finished Spring Data repository scanning in 15ms. Found 0 Redis repository interfaces.
10:57:41.092 logback [main] INFO  o.s.b.w.e.tomcat.TomcatWebServer - Tomcat initialized with port(s): 8080 (http)
10:57:41.104 logback [main] INFO  o.a.coyote.http11.Http11NioProtocol - Initializing ProtocolHandler ["http-nio-8080"]
10:57:41.125 logback [main] INFO  o.a.catalina.core.StandardService - Starting service [Tomcat]
10:57:41.126 logback [main] INFO  o.a.catalina.core.StandardEngine - Starting Servlet engine: [Apache Tomcat/9.0.37]
10:57:41.224 logback [main] INFO  o.a.c.c.C.[Tomcat].[localhost].[/] - Initializing Spring embedded WebApplicationContext
10:57:41.224 logback [main] INFO  o.s.web.context.ContextLoader - Root WebApplicationContext: initialization completed in 1311 ms
10:57:41.466 logback [main] INFO  o.s.s.c.ThreadPoolTaskExecutor - Initializing ExecutorService 'applicationTaskExecutor'
10:57:41.516 logback [main] INFO  o.s.b.a.w.s.WelcomePageHandlerMapping - Adding welcome page template: index
10:57:41.946 logback [main] INFO  o.a.coyote.http11.Http11NioProtocol - Starting ProtocolHandler ["http-nio-8080"]
10:57:42.007 logback [main] INFO  o.s.b.w.e.tomcat.TomcatWebServer - Tomcat started on port(s): 8080 (http) with context path ''
10:57:42.010 logback [main] INFO  com.hyf.HyfApplication - Started HyfApplication in 2.581 seconds (JVM running for 3.425)
10:57:43.609 logback [http-nio-8080-exec-1] INFO  o.a.c.c.C.[Tomcat].[localhost].[/] - Initializing Spring DispatcherServlet 'dispatcherServlet'
10:57:43.609 logback [http-nio-8080-exec-1] INFO  o.s.web.servlet.DispatcherServlet - Initializing Servlet 'dispatcherServlet'
10:57:43.615 logback [http-nio-8080-exec-1] INFO  o.s.web.servlet.DispatcherServlet - Completed initialization in 6 ms
11:08:22.109 logback [main] INFO  com.hyf.HyfApplication - Starting HyfApplication on DESKTOP-PVECBGM with PID 35148 (C:\Users\huyuefei\Desktop\Code\MyBlog\target\classes started by huyuefei in C:\Users\huyuefei\Desktop\Code\MyBlog)
11:08:22.111 logback [main] INFO  com.hyf.HyfApplication - No active profile set, falling back to default profiles: default
11:08:22.928 logback [main] INFO  o.s.d.r.c.RepositoryConfigurationDelegate - Multiple Spring Data modules found, entering strict repository configuration mode!
11:08:22.930 logback [main] INFO  o.s.d.r.c.RepositoryConfigurationDelegate - Bootstrapping Spring Data Redis repositories in DEFAULT mode.
11:08:22.961 logback [main] INFO  o.s.d.r.c.RepositoryConfigurationDelegate - Finished Spring Data repository scanning in 16ms. Found 0 Redis repository interfaces.
11:08:23.421 logback [main] INFO  o.s.b.w.e.tomcat.TomcatWebServer - Tomcat initialized with port(s): 8080 (http)
11:08:23.433 logback [main] INFO  o.a.coyote.http11.Http11NioProtocol - Initializing ProtocolHandler ["http-nio-8080"]
11:08:23.455 logback [main] INFO  o.a.catalina.core.StandardService - Starting service [Tomcat]
11:08:23.455 logback [main] INFO  o.a.catalina.core.StandardEngine - Starting Servlet engine: [Apache Tomcat/9.0.37]
11:08:23.555 logback [main] INFO  o.a.c.c.C.[Tomcat].[localhost].[/] - Initializing Spring embedded WebApplicationContext
11:08:23.555 logback [main] INFO  o.s.web.context.ContextLoader - Root WebApplicationContext: initialization completed in 1415 ms
11:08:23.795 logback [main] INFO  o.s.s.c.ThreadPoolTaskExecutor - Initializing ExecutorService 'applicationTaskExecutor'
11:08:23.861 logback [main] INFO  o.s.b.a.w.s.WelcomePageHandlerMapping - Adding welcome page template: index
11:08:24.314 logback [main] INFO  o.a.coyote.http11.Http11NioProtocol - Starting ProtocolHandler ["http-nio-8080"]
11:08:24.377 logback [main] INFO  o.s.b.w.e.tomcat.TomcatWebServer - Tomcat started on port(s): 8080 (http) with context path ''
11:08:24.380 logback [main] INFO  com.hyf.HyfApplication - Started HyfApplication in 2.916 seconds (JVM running for 3.842)
11:08:25.670 logback [http-nio-8080-exec-1] INFO  o.a.c.c.C.[Tomcat].[localhost].[/] - Initializing Spring DispatcherServlet 'dispatcherServlet'
11:08:25.671 logback [http-nio-8080-exec-1] INFO  o.s.web.servlet.DispatcherServlet - Initializing Servlet 'dispatcherServlet'
11:08:25.676 logback [http-nio-8080-exec-1] INFO  o.s.web.servlet.DispatcherServlet - Completed initialization in 5 ms
11:10:22.252 logback [main] INFO  com.hyf.HyfApplication - Starting HyfApplication on DESKTOP-PVECBGM with PID 30976 (C:\Users\huyuefei\Desktop\Code\MyBlog\target\classes started by huyuefei in C:\Users\huyuefei\Desktop\Code\MyBlog)
11:10:22.255 logback [main] INFO  com.hyf.HyfApplication - No active profile set, falling back to default profiles: default
11:10:23.061 logback [main] INFO  o.s.d.r.c.RepositoryConfigurationDelegate - Multiple Spring Data modules found, entering strict repository configuration mode!
11:10:23.063 logback [main] INFO  o.s.d.r.c.RepositoryConfigurationDelegate - Bootstrapping Spring Data Redis repositories in DEFAULT mode.
11:10:23.092 logback [main] INFO  o.s.d.r.c.RepositoryConfigurationDelegate - Finished Spring Data repository scanning in 17ms. Found 0 Redis repository interfaces.
11:10:23.553 logback [main] INFO  o.s.b.w.e.tomcat.TomcatWebServer - Tomcat initialized with port(s): 8080 (http)
11:10:23.566 logback [main] INFO  o.a.coyote.http11.Http11NioProtocol - Initializing ProtocolHandler ["http-nio-8080"]
11:10:23.576 logback [main] INFO  o.a.catalina.core.StandardService - Starting service [Tomcat]
11:10:23.576 logback [main] INFO  o.a.catalina.core.StandardEngine - Starting Servlet engine: [Apache Tomcat/9.0.37]
11:10:23.688 logback [main] INFO  o.a.c.c.C.[Tomcat].[localhost].[/] - Initializing Spring embedded WebApplicationContext
11:10:23.688 logback [main] INFO  o.s.web.context.ContextLoader - Root WebApplicationContext: initialization completed in 1391 ms
11:10:23.941 logback [main] INFO  o.s.s.c.ThreadPoolTaskExecutor - Initializing ExecutorService 'applicationTaskExecutor'
11:10:23.999 logback [main] INFO  o.s.b.a.w.s.WelcomePageHandlerMapping - Adding welcome page template: index
11:10:24.448 logback [main] INFO  o.a.coyote.http11.Http11NioProtocol - Starting ProtocolHandler ["http-nio-8080"]
11:10:24.512 logback [main] INFO  o.s.b.w.e.tomcat.TomcatWebServer - Tomcat started on port(s): 8080 (http) with context path ''
11:10:24.516 logback [main] INFO  com.hyf.HyfApplication - Started HyfApplication in 2.721 seconds (JVM running for 3.509)
11:10:24.549 logback [http-nio-8080-exec-1] INFO  o.a.c.c.C.[Tomcat].[localhost].[/] - Initializing Spring DispatcherServlet 'dispatcherServlet'
11:10:24.550 logback [http-nio-8080-exec-1] INFO  o.s.web.servlet.DispatcherServlet - Initializing Servlet 'dispatcherServlet'
11:10:24.555 logback [http-nio-8080-exec-1] INFO  o.s.web.servlet.DispatcherServlet - Completed initialization in 5 ms
11:13:02.246 logback [main] INFO  com.hyf.HyfApplication - Starting HyfApplication on DESKTOP-PVECBGM with PID 32548 (C:\Users\huyuefei\Desktop\Code\MyBlog\target\classes started by huyuefei in C:\Users\huyuefei\Desktop\Code\MyBlog)
11:13:02.248 logback [main] INFO  com.hyf.HyfApplication - No active profile set, falling back to default profiles: default
11:13:02.900 logback [main] INFO  o.s.d.r.c.RepositoryConfigurationDelegate - Multiple Spring Data modules found, entering strict repository configuration mode!
11:13:02.902 logback [main] INFO  o.s.d.r.c.RepositoryConfigurationDelegate - Bootstrapping Spring Data Redis repositories in DEFAULT mode.
11:13:02.932 logback [main] INFO  o.s.d.r.c.RepositoryConfigurationDelegate - Finished Spring Data repository scanning in 18ms. Found 0 Redis repository interfaces.
11:13:03.415 logback [main] INFO  o.s.b.w.e.tomcat.TomcatWebServer - Tomcat initialized with port(s): 8080 (http)
11:13:03.428 logback [main] INFO  o.a.coyote.http11.Http11NioProtocol - Initializing ProtocolHandler ["http-nio-8080"]
11:13:03.438 logback [main] INFO  o.a.catalina.core.StandardService - Starting service [Tomcat]
11:13:03.438 logback [main] INFO  o.a.catalina.core.StandardEngine - Starting Servlet engine: [Apache Tomcat/9.0.37]
11:13:03.538 logback [main] INFO  o.a.c.c.C.[Tomcat].[localhost].[/] - Initializing Spring embedded WebApplicationContext
11:13:03.538 logback [main] INFO  o.s.web.context.ContextLoader - Root WebApplicationContext: initialization completed in 1234 ms
11:13:03.766 logback [main] INFO  o.s.s.c.ThreadPoolTaskExecutor - Initializing ExecutorService 'applicationTaskExecutor'
11:13:03.817 logback [main] INFO  o.s.b.a.w.s.WelcomePageHandlerMapping - Adding welcome page template: index
11:13:04.263 logback [main] INFO  o.a.coyote.http11.Http11NioProtocol - Starting ProtocolHandler ["http-nio-8080"]
11:13:04.329 logback [main] INFO  o.s.b.w.e.tomcat.TomcatWebServer - Tomcat started on port(s): 8080 (http) with context path ''
11:13:04.332 logback [main] INFO  com.hyf.HyfApplication - Started HyfApplication in 2.531 seconds (JVM running for 3.152)
11:13:06.586 logback [http-nio-8080-exec-1] INFO  o.a.c.c.C.[Tomcat].[localhost].[/] - Initializing Spring DispatcherServlet 'dispatcherServlet'
11:13:06.586 logback [http-nio-8080-exec-1] INFO  o.s.web.servlet.DispatcherServlet - Initializing Servlet 'dispatcherServlet'
11:13:06.592 logback [http-nio-8080-exec-1] INFO  o.s.web.servlet.DispatcherServlet - Completed initialization in 6 ms
11:15:48.765 logback [main] INFO  com.hyf.HyfApplication - Starting HyfApplication on DESKTOP-PVECBGM with PID 30484 (C:\Users\huyuefei\Desktop\Code\MyBlog\target\classes started by huyuefei in C:\Users\huyuefei\Desktop\Code\MyBlog)
11:15:48.770 logback [main] INFO  com.hyf.HyfApplication - No active profile set, falling back to default profiles: default
11:15:49.363 logback [main] INFO  o.s.d.r.c.RepositoryConfigurationDelegate - Multiple Spring Data modules found, entering strict repository configuration mode!
11:15:49.365 logback [main] INFO  o.s.d.r.c.RepositoryConfigurationDelegate - Bootstrapping Spring Data Redis repositories in DEFAULT mode.
11:15:49.391 logback [main] INFO  o.s.d.r.c.RepositoryConfigurationDelegate - Finished Spring Data repository scanning in 16ms. Found 0 Redis repository interfaces.
11:15:49.826 logback [main] INFO  o.s.b.w.e.tomcat.TomcatWebServer - Tomcat initialized with port(s): 8080 (http)
11:15:49.839 logback [main] INFO  o.a.coyote.http11.Http11NioProtocol - Initializing ProtocolHandler ["http-nio-8080"]
11:15:49.848 logback [main] INFO  o.a.catalina.core.StandardService - Starting service [Tomcat]
11:15:49.848 logback [main] INFO  o.a.catalina.core.StandardEngine - Starting Servlet engine: [Apache Tomcat/9.0.37]
11:15:49.940 logback [main] INFO  o.a.c.c.C.[Tomcat].[localhost].[/] - Initializing Spring embedded WebApplicationContext
11:15:49.940 logback [main] INFO  o.s.web.context.ContextLoader - Root WebApplicationContext: initialization completed in 1118 ms
11:15:50.167 logback [main] INFO  o.s.s.c.ThreadPoolTaskExecutor - Initializing ExecutorService 'applicationTaskExecutor'
11:15:50.220 logback [main] INFO  o.s.b.a.w.s.WelcomePageHandlerMapping - Adding welcome page template: index
11:15:50.683 logback [main] INFO  o.a.coyote.http11.Http11NioProtocol - Starting ProtocolHandler ["http-nio-8080"]
11:15:50.745 logback [main] INFO  o.s.b.w.e.tomcat.TomcatWebServer - Tomcat started on port(s): 8080 (http) with context path ''
11:15:50.748 logback [main] INFO  com.hyf.HyfApplication - Started HyfApplication in 2.461 seconds (JVM running for 3.137)
11:15:52.331 logback [http-nio-8080-exec-1] INFO  o.a.c.c.C.[Tomcat].[localhost].[/] - Initializing Spring DispatcherServlet 'dispatcherServlet'
11:15:52.332 logback [http-nio-8080-exec-1] INFO  o.s.web.servlet.DispatcherServlet - Initializing Servlet 'dispatcherServlet'
11:15:52.337 logback [http-nio-8080-exec-1] INFO  o.s.web.servlet.DispatcherServlet - Completed initialization in 5 ms
11:17:36.520 logback [main] INFO  com.hyf.HyfApplication - Starting HyfApplication on DESKTOP-PVECBGM with PID 32480 (C:\Users\huyuefei\Desktop\Code\MyBlog\target\classes started by huyuefei in C:\Users\huyuefei\Desktop\Code\MyBlog)
11:17:36.522 logback [main] INFO  com.hyf.HyfApplication - No active profile set, falling back to default profiles: default
11:17:37.107 logback [main] INFO  o.s.d.r.c.RepositoryConfigurationDelegate - Multiple Spring Data modules found, entering strict repository configuration mode!
11:17:37.108 logback [main] INFO  o.s.d.r.c.RepositoryConfigurationDelegate - Bootstrapping Spring Data Redis repositories in DEFAULT mode.
11:17:37.133 logback [main] INFO  o.s.d.r.c.RepositoryConfigurationDelegate - Finished Spring Data repository scanning in 15ms. Found 0 Redis repository interfaces.
11:17:37.575 logback [main] INFO  o.s.b.w.e.tomcat.TomcatWebServer - Tomcat initialized with port(s): 8080 (http)
11:17:37.587 logback [main] INFO  o.a.coyote.http11.Http11NioProtocol - Initializing ProtocolHandler ["http-nio-8080"]
11:17:37.597 logback [main] INFO  o.a.catalina.core.StandardService - Starting service [Tomcat]
11:17:37.597 logback [main] INFO  o.a.catalina.core.StandardEngine - Starting Servlet engine: [Apache Tomcat/9.0.37]
11:17:37.694 logback [main] INFO  o.a.c.c.C.[Tomcat].[localhost].[/] - Initializing Spring embedded WebApplicationContext
11:17:37.694 logback [main] INFO  o.s.web.context.ContextLoader - Root WebApplicationContext: initialization completed in 1135 ms
11:17:37.921 logback [main] INFO  o.s.s.c.ThreadPoolTaskExecutor - Initializing ExecutorService 'applicationTaskExecutor'
11:17:37.971 logback [main] INFO  o.s.b.a.w.s.WelcomePageHandlerMapping - Adding welcome page template: index
11:17:38.379 logback [main] INFO  o.a.coyote.http11.Http11NioProtocol - Starting ProtocolHandler ["http-nio-8080"]
11:17:38.438 logback [main] INFO  o.s.b.w.e.tomcat.TomcatWebServer - Tomcat started on port(s): 8080 (http) with context path ''
11:17:38.441 logback [main] INFO  com.hyf.HyfApplication - Started HyfApplication in 2.311 seconds (JVM running for 2.977)
11:17:40.493 logback [http-nio-8080-exec-1] INFO  o.a.c.c.C.[Tomcat].[localhost].[/] - Initializing Spring DispatcherServlet 'dispatcherServlet'
11:17:40.494 logback [http-nio-8080-exec-1] INFO  o.s.web.servlet.DispatcherServlet - Initializing Servlet 'dispatcherServlet'
11:17:40.500 logback [http-nio-8080-exec-1] INFO  o.s.web.servlet.DispatcherServlet - Completed initialization in 6 ms
11:18:00.843 logback [main] INFO  com.hyf.HyfApplication - Starting HyfApplication on DESKTOP-PVECBGM with PID 35408 (C:\Users\huyuefei\Desktop\Code\MyBlog\target\classes started by huyuefei in C:\Users\huyuefei\Desktop\Code\MyBlog)
11:18:00.851 logback [main] INFO  com.hyf.HyfApplication - No active profile set, falling back to default profiles: default
11:18:01.480 logback [main] INFO  o.s.d.r.c.RepositoryConfigurationDelegate - Multiple Spring Data modules found, entering strict repository configuration mode!
11:18:01.482 logback [main] INFO  o.s.d.r.c.RepositoryConfigurationDelegate - Bootstrapping Spring Data Redis repositories in DEFAULT mode.
11:18:01.507 logback [main] INFO  o.s.d.r.c.RepositoryConfigurationDelegate - Finished Spring Data repository scanning in 15ms. Found 0 Redis repository interfaces.
11:18:01.987 logback [main] INFO  o.s.b.w.e.tomcat.TomcatWebServer - Tomcat initialized with port(s): 8080 (http)
11:18:02.012 logback [main] INFO  o.a.coyote.http11.Http11NioProtocol - Initializing ProtocolHandler ["http-nio-8080"]
11:18:02.028 logback [main] INFO  o.a.catalina.core.StandardService - Starting service [Tomcat]
11:18:02.029 logback [main] INFO  o.a.catalina.core.StandardEngine - Starting Servlet engine: [Apache Tomcat/9.0.37]
11:18:02.144 logback [main] INFO  o.a.c.c.C.[Tomcat].[localhost].[/] - Initializing Spring embedded WebApplicationContext
11:18:02.144 logback [main] INFO  o.s.web.context.ContextLoader - Root WebApplicationContext: initialization completed in 1229 ms
11:18:02.381 logback [main] INFO  o.s.s.c.ThreadPoolTaskExecutor - Initializing ExecutorService 'applicationTaskExecutor'
11:18:02.459 logback [main] INFO  o.s.b.a.w.s.WelcomePageHandlerMapping - Adding welcome page template: index
11:18:02.903 logback [main] INFO  o.a.coyote.http11.Http11NioProtocol - Starting ProtocolHandler ["http-nio-8080"]
11:18:02.968 logback [main] INFO  o.s.b.w.e.tomcat.TomcatWebServer - Tomcat started on port(s): 8080 (http) with context path ''
11:18:02.971 logback [main] INFO  com.hyf.HyfApplication - Started HyfApplication in 2.625 seconds (JVM running for 3.47)
11:18:03.624 logback [http-nio-8080-exec-1] INFO  o.a.c.c.C.[Tomcat].[localhost].[/] - Initializing Spring DispatcherServlet 'dispatcherServlet'
11:18:03.625 logback [http-nio-8080-exec-1] INFO  o.s.web.servlet.DispatcherServlet - Initializing Servlet 'dispatcherServlet'
11:18:03.631 logback [http-nio-8080-exec-1] INFO  o.s.web.servlet.DispatcherServlet - Completed initialization in 6 ms
11:18:30.819 logback [main] INFO  com.hyf.HyfApplication - Starting HyfApplication on DESKTOP-PVECBGM with PID 18396 (C:\Users\huyuefei\Desktop\Code\MyBlog\target\classes started by huyuefei in C:\Users\huyuefei\Desktop\Code\MyBlog)
11:18:30.821 logback [main] INFO  com.hyf.HyfApplication - No active profile set, falling back to default profiles: default
11:18:31.464 logback [main] INFO  o.s.d.r.c.RepositoryConfigurationDelegate - Multiple Spring Data modules found, entering strict repository configuration mode!
11:18:31.466 logback [main] INFO  o.s.d.r.c.RepositoryConfigurationDelegate - Bootstrapping Spring Data Redis repositories in DEFAULT mode.
11:18:31.495 logback [main] INFO  o.s.d.r.c.RepositoryConfigurationDelegate - Finished Spring Data repository scanning in 17ms. Found 0 Redis repository interfaces.
11:18:31.930 logback [main] INFO  o.s.b.w.e.tomcat.TomcatWebServer - Tomcat initialized with port(s): 8080 (http)
11:18:31.956 logback [main] INFO  o.a.coyote.http11.Http11NioProtocol - Initializing ProtocolHandler ["http-nio-8080"]
11:18:31.965 logback [main] INFO  o.a.catalina.core.StandardService - Starting service [Tomcat]
11:18:31.966 logback [main] INFO  o.a.catalina.core.StandardEngine - Starting Servlet engine: [Apache Tomcat/9.0.37]
11:18:32.064 logback [main] INFO  o.a.c.c.C.[Tomcat].[localhost].[/] - Initializing Spring embedded WebApplicationContext
11:18:32.064 logback [main] INFO  o.s.web.context.ContextLoader - Root WebApplicationContext: initialization completed in 1204 ms
11:18:32.310 logback [main] INFO  o.s.s.c.ThreadPoolTaskExecutor - Initializing ExecutorService 'applicationTaskExecutor'
11:18:32.369 logback [main] INFO  o.s.b.a.w.s.WelcomePageHandlerMapping - Adding welcome page template: index
11:18:32.796 logback [main] INFO  o.a.coyote.http11.Http11NioProtocol - Starting ProtocolHandler ["http-nio-8080"]
11:18:32.858 logback [main] INFO  o.s.b.w.e.tomcat.TomcatWebServer - Tomcat started on port(s): 8080 (http) with context path ''
11:18:32.861 logback [main] INFO  com.hyf.HyfApplication - Started HyfApplication in 2.456 seconds (JVM running for 3.192)
11:22:10.310 logback [main] INFO  com.hyf.HyfApplication - Starting HyfApplication on DESKTOP-PVECBGM with PID 33468 (C:\Users\huyuefei\Desktop\Code\MyBlog\target\classes started by huyuefei in C:\Users\huyuefei\Desktop\Code\MyBlog)
11:22:10.316 logback [main] INFO  com.hyf.HyfApplication - No active profile set, falling back to default profiles: default
11:22:10.945 logback [main] INFO  o.s.d.r.c.RepositoryConfigurationDelegate - Multiple Spring Data modules found, entering strict repository configuration mode!
11:22:10.947 logback [main] INFO  o.s.d.r.c.RepositoryConfigurationDelegate - Bootstrapping Spring Data Redis repositories in DEFAULT mode.
11:22:10.976 logback [main] INFO  o.s.d.r.c.RepositoryConfigurationDelegate - Finished Spring Data repository scanning in 15ms. Found 0 Redis repository interfaces.
11:22:11.447 logback [main] INFO  o.s.b.w.e.tomcat.TomcatWebServer - Tomcat initialized with port(s): 8080 (http)
11:22:11.459 logback [main] INFO  o.a.coyote.http11.Http11NioProtocol - Initializing ProtocolHandler ["http-nio-8080"]
11:22:11.470 logback [main] INFO  o.a.catalina.core.StandardService - Starting service [Tomcat]
11:22:11.470 logback [main] INFO  o.a.catalina.core.StandardEngine - Starting Servlet engine: [Apache Tomcat/9.0.37]
11:22:11.571 logback [main] INFO  o.a.c.c.C.[Tomcat].[localhost].[/] - Initializing Spring embedded WebApplicationContext
11:22:11.571 logback [main] INFO  o.s.web.context.ContextLoader - Root WebApplicationContext: initialization completed in 1213 ms
11:22:11.800 logback [main] INFO  o.s.s.c.ThreadPoolTaskExecutor - Initializing ExecutorService 'applicationTaskExecutor'
11:22:11.853 logback [main] INFO  o.s.b.a.w.s.WelcomePageHandlerMapping - Adding welcome page template: index
11:22:12.292 logback [main] INFO  o.a.coyote.http11.Http11NioProtocol - Starting ProtocolHandler ["http-nio-8080"]
11:22:12.352 logback [main] INFO  o.s.b.w.e.tomcat.TomcatWebServer - Tomcat started on port(s): 8080 (http) with context path ''
11:22:12.355 logback [main] INFO  com.hyf.HyfApplication - Started HyfApplication in 2.392 seconds (JVM running for 3.101)
11:22:15.943 logback [http-nio-8080-exec-1] INFO  o.a.c.c.C.[Tomcat].[localhost].[/] - Initializing Spring DispatcherServlet 'dispatcherServlet'
11:22:15.945 logback [http-nio-8080-exec-1] INFO  o.s.web.servlet.DispatcherServlet - Initializing Servlet 'dispatcherServlet'
11:22:15.949 logback [http-nio-8080-exec-1] INFO  o.s.web.servlet.DispatcherServlet - Completed initialization in 4 ms
11:23:32.691 logback [main] INFO  com.hyf.HyfApplication - Starting HyfApplication on DESKTOP-PVECBGM with PID 33100 (C:\Users\huyuefei\Desktop\Code\MyBlog\target\classes started by huyuefei in C:\Users\huyuefei\Desktop\Code\MyBlog)
11:23:32.693 logback [main] INFO  com.hyf.HyfApplication - No active profile set, falling back to default profiles: default
11:23:33.233 logback [main] INFO  o.s.d.r.c.RepositoryConfigurationDelegate - Multiple Spring Data modules found, entering strict repository configuration mode!
11:23:33.235 logback [main] INFO  o.s.d.r.c.RepositoryConfigurationDelegate - Bootstrapping Spring Data Redis repositories in DEFAULT mode.
11:23:33.260 logback [main] INFO  o.s.d.r.c.RepositoryConfigurationDelegate - Finished Spring Data repository scanning in 15ms. Found 0 Redis repository interfaces.
11:23:33.683 logback [main] INFO  o.s.b.w.e.tomcat.TomcatWebServer - Tomcat initialized with port(s): 8080 (http)
11:23:33.695 logback [main] INFO  o.a.coyote.http11.Http11NioProtocol - Initializing ProtocolHandler ["http-nio-8080"]
11:23:33.704 logback [main] INFO  o.a.catalina.core.StandardService - Starting service [Tomcat]
11:23:33.705 logback [main] INFO  o.a.catalina.core.StandardEngine - Starting Servlet engine: [Apache Tomcat/9.0.37]
11:23:33.804 logback [main] INFO  o.a.c.c.C.[Tomcat].[localhost].[/] - Initializing Spring embedded WebApplicationContext
11:23:33.805 logback [main] INFO  o.s.web.context.ContextLoader - Root WebApplicationContext: initialization completed in 1073 ms
11:23:34.043 logback [main] INFO  o.s.s.c.ThreadPoolTaskExecutor - Initializing ExecutorService 'applicationTaskExecutor'
11:23:34.103 logback [main] INFO  o.s.b.a.w.s.WelcomePageHandlerMapping - Adding welcome page template: index
11:23:34.549 logback [main] INFO  o.a.coyote.http11.Http11NioProtocol - Starting ProtocolHandler ["http-nio-8080"]
11:23:34.612 logback [main] INFO  o.s.b.w.e.tomcat.TomcatWebServer - Tomcat started on port(s): 8080 (http) with context path ''
11:23:34.616 logback [main] INFO  com.hyf.HyfApplication - Started HyfApplication in 2.299 seconds (JVM running for 3.293)
11:23:36.680 logback [http-nio-8080-exec-1] INFO  o.a.c.c.C.[Tomcat].[localhost].[/] - Initializing Spring DispatcherServlet 'dispatcherServlet'
11:23:36.682 logback [http-nio-8080-exec-1] INFO  o.s.web.servlet.DispatcherServlet - Initializing Servlet 'dispatcherServlet'
11:23:36.687 logback [http-nio-8080-exec-1] INFO  o.s.web.servlet.DispatcherServlet - Completed initialization in 5 ms
11:25:17.429 logback [main] INFO  com.hyf.HyfApplication - Starting HyfApplication on DESKTOP-PVECBGM with PID 33608 (C:\Users\huyuefei\Desktop\Code\MyBlog\target\classes started by huyuefei in C:\Users\huyuefei\Desktop\Code\MyBlog)
11:25:17.431 logback [main] INFO  com.hyf.HyfApplication - No active profile set, falling back to default profiles: default
11:25:17.991 logback [main] INFO  o.s.d.r.c.RepositoryConfigurationDelegate - Multiple Spring Data modules found, entering strict repository configuration mode!
11:25:17.993 logback [main] INFO  o.s.d.r.c.RepositoryConfigurationDelegate - Bootstrapping Spring Data Redis repositories in DEFAULT mode.
11:25:18.019 logback [main] INFO  o.s.d.r.c.RepositoryConfigurationDelegate - Finished Spring Data repository scanning in 15ms. Found 0 Redis repository interfaces.
11:25:18.512 logback [main] INFO  o.s.b.w.e.tomcat.TomcatWebServer - Tomcat initialized with port(s): 8080 (http)
11:25:18.526 logback [main] INFO  o.a.coyote.http11.Http11NioProtocol - Initializing ProtocolHandler ["http-nio-8080"]
11:25:18.537 logback [main] INFO  o.a.catalina.core.StandardService - Starting service [Tomcat]
11:25:18.537 logback [main] INFO  o.a.catalina.core.StandardEngine - Starting Servlet engine: [Apache Tomcat/9.0.37]
11:25:18.657 logback [main] INFO  o.a.c.c.C.[Tomcat].[localhost].[/] - Initializing Spring embedded WebApplicationContext
11:25:18.657 logback [main] INFO  o.s.web.context.ContextLoader - Root WebApplicationContext: initialization completed in 1196 ms
11:25:18.908 logback [main] INFO  o.s.s.c.ThreadPoolTaskExecutor - Initializing ExecutorService 'applicationTaskExecutor'
11:25:18.961 logback [main] INFO  o.s.b.a.w.s.WelcomePageHandlerMapping - Adding welcome page template: index
11:25:19.392 logback [main] INFO  o.a.coyote.http11.Http11NioProtocol - Starting ProtocolHandler ["http-nio-8080"]
11:25:19.458 logback [main] INFO  o.s.b.w.e.tomcat.TomcatWebServer - Tomcat started on port(s): 8080 (http) with context path ''
11:25:19.461 logback [main] INFO  com.hyf.HyfApplication - Started HyfApplication in 2.487 seconds (JVM running for 3.297)
11:25:20.755 logback [http-nio-8080-exec-1] INFO  o.a.c.c.C.[Tomcat].[localhost].[/] - Initializing Spring DispatcherServlet 'dispatcherServlet'
11:25:20.756 logback [http-nio-8080-exec-1] INFO  o.s.web.servlet.DispatcherServlet - Initializing Servlet 'dispatcherServlet'
11:25:20.761 logback [http-nio-8080-exec-1] INFO  o.s.web.servlet.DispatcherServlet - Completed initialization in 5 ms
11:25:54.536 logback [main] INFO  com.hyf.HyfApplication - Starting HyfApplication on DESKTOP-PVECBGM with PID 32676 (C:\Users\huyuefei\Desktop\Code\MyBlog\target\classes started by huyuefei in C:\Users\huyuefei\Desktop\Code\MyBlog)
11:25:54.539 logback [main] INFO  com.hyf.HyfApplication - No active profile set, falling back to default profiles: default
11:25:55.070 logback [main] INFO  o.s.d.r.c.RepositoryConfigurationDelegate - Multiple Spring Data modules found, entering strict repository configuration mode!
11:25:55.072 logback [main] INFO  o.s.d.r.c.RepositoryConfigurationDelegate - Bootstrapping Spring Data Redis repositories in DEFAULT mode.
11:25:55.097 logback [main] INFO  o.s.d.r.c.RepositoryConfigurationDelegate - Finished Spring Data repository scanning in 15ms. Found 0 Redis repository interfaces.
11:25:55.519 logback [main] INFO  o.s.b.w.e.tomcat.TomcatWebServer - Tomcat initialized with port(s): 8080 (http)
11:25:55.531 logback [main] INFO  o.a.coyote.http11.Http11NioProtocol - Initializing ProtocolHandler ["http-nio-8080"]
11:25:55.552 logback [main] INFO  o.a.catalina.core.StandardService - Starting service [Tomcat]
11:25:55.552 logback [main] INFO  o.a.catalina.core.StandardEngine - Starting Servlet engine: [Apache Tomcat/9.0.37]
11:25:55.650 logback [main] INFO  o.a.c.c.C.[Tomcat].[localhost].[/] - Initializing Spring embedded WebApplicationContext
11:25:55.650 logback [main] INFO  o.s.web.context.ContextLoader - Root WebApplicationContext: initialization completed in 1072 ms
11:25:55.897 logback [main] INFO  o.s.s.c.ThreadPoolTaskExecutor - Initializing ExecutorService 'applicationTaskExecutor'
11:25:55.954 logback [main] INFO  o.s.b.a.w.s.WelcomePageHandlerMapping - Adding welcome page template: index
11:25:56.431 logback [main] INFO  o.a.coyote.http11.Http11NioProtocol - Starting ProtocolHandler ["http-nio-8080"]
11:25:56.491 logback [main] INFO  o.s.b.w.e.tomcat.TomcatWebServer - Tomcat started on port(s): 8080 (http) with context path ''
11:25:56.494 logback [main] INFO  com.hyf.HyfApplication - Started HyfApplication in 2.408 seconds (JVM running for 3.304)
11:25:58.250 logback [http-nio-8080-exec-1] INFO  o.a.c.c.C.[Tomcat].[localhost].[/] - Initializing Spring DispatcherServlet 'dispatcherServlet'
11:25:58.251 logback [http-nio-8080-exec-1] INFO  o.s.web.servlet.DispatcherServlet - Initializing Servlet 'dispatcherServlet'
11:25:58.256 logback [http-nio-8080-exec-1] INFO  o.s.web.servlet.DispatcherServlet - Completed initialization in 5 ms
