09:05:02.400 logback [main] INFO  com.hyf.HyfApplication - Starting HyfApplication on DESKTOP-PVECBGM with PID 8508 (C:\Users\huyuefei\Desktop\Code\MyBlog\target\classes started by huyuefei in C:\Users\huyuefei\Desktop\Code\MyBlog)
09:05:02.402 logback [main] INFO  com.hyf.HyfApplication - No active profile set, falling back to default profiles: default
09:05:03.298 logback [main] INFO  o.s.d.r.c.RepositoryConfigurationDelegate - Multiple Spring Data modules found, entering strict repository configuration mode!
09:05:03.300 logback [main] INFO  o.s.d.r.c.RepositoryConfigurationDelegate - Bootstrapping Spring Data Redis repositories in DEFAULT mode.
09:05:03.368 logback [main] INFO  o.s.d.r.c.RepositoryConfigurationDelegate - Finished Spring Data repository scanning in 56ms. Found 0 Redis repository interfaces.
09:05:04.275 logback [main] INFO  o.s.b.w.e.tomcat.TomcatWebServer - Tomcat initialized with port(s): 8080 (http)
09:05:04.288 logback [main] INFO  o.a.coyote.http11.Http11NioProtocol - Initializing ProtocolHandler ["http-nio-8080"]
09:05:04.313 logback [main] INFO  o.a.catalina.core.StandardService - Starting service [Tomcat]
09:05:04.314 logback [main] INFO  o.a.catalina.core.StandardEngine - Starting Servlet engine: [Apache Tomcat/9.0.37]
09:05:04.447 logback [main] INFO  o.a.c.c.C.[Tomcat].[localhost].[/] - Initializing Spring embedded WebApplicationContext
09:05:04.448 logback [main] INFO  o.s.web.context.ContextLoader - Root WebApplicationContext: initialization completed in 1987 ms
09:05:05.192 logback [main] INFO  o.s.s.c.ThreadPoolTaskExecutor - Initializing ExecutorService 'applicationTaskExecutor'
09:05:05.264 logback [main] INFO  o.s.b.a.w.s.WelcomePageHandlerMapping - Adding welcome page template: index
09:05:05.874 logback [main] INFO  o.s.b.a.s.s.UserDetailsServiceAutoConfiguration - 

Using generated security password: 354334e7-61fc-4e6e-b212-96afeb611f12

09:05:06.061 logback [main] INFO  o.s.s.web.DefaultSecurityFilterChain - Creating filter chain: any request, [org.springframework.security.web.context.request.async.WebAsyncManagerIntegrationFilter@69a73867, org.springframework.security.web.context.SecurityContextPersistenceFilter@4aab7195, org.springframework.security.web.header.HeaderWriterFilter@3c27f72, org.springframework.security.web.csrf.CsrfFilter@f10d055, org.springframework.security.web.authentication.logout.LogoutFilter@5e541ef9, org.springframework.security.web.authentication.UsernamePasswordAuthenticationFilter@48277712, org.springframework.security.web.authentication.ui.DefaultLoginPageGeneratingFilter@410382cb, org.springframework.security.web.authentication.ui.DefaultLogoutPageGeneratingFilter@749d7c01, org.springframework.security.web.authentication.www.BasicAuthenticationFilter@5b7ee56c, org.springframework.security.web.savedrequest.RequestCacheAwareFilter@65af05b2, org.springframework.security.web.servletapi.SecurityContextHolderAwareRequestFilter@628962e5, org.springframework.security.web.authentication.AnonymousAuthenticationFilter@1d3a03fe, org.springframework.security.web.session.SessionManagementFilter@28fa541, org.springframework.security.web.access.ExceptionTranslationFilter@280ecc33, org.springframework.security.web.access.intercept.FilterSecurityInterceptor@632c3f55]
09:05:06.168 logback [main] INFO  o.a.coyote.http11.Http11NioProtocol - Starting ProtocolHandler ["http-nio-8080"]
09:05:06.229 logback [main] INFO  o.s.b.w.e.tomcat.TomcatWebServer - Tomcat started on port(s): 8080 (http) with context path ''
09:05:06.236 logback [main] INFO  com.hyf.HyfApplication - Started HyfApplication in 4.558 seconds (JVM running for 7.793)
09:05:23.413 logback [http-nio-8080-exec-1] INFO  o.a.c.c.C.[Tomcat].[localhost].[/] - Initializing Spring DispatcherServlet 'dispatcherServlet'
09:05:23.413 logback [http-nio-8080-exec-1] INFO  o.s.web.servlet.DispatcherServlet - Initializing Servlet 'dispatcherServlet'
09:05:23.421 logback [http-nio-8080-exec-1] INFO  o.s.web.servlet.DispatcherServlet - Completed initialization in 8 ms
09:06:41.241 logback [main] INFO  com.hyf.HyfApplication - Starting HyfApplication on DESKTOP-PVECBGM with PID 5872 (C:\Users\huyuefei\Desktop\Code\MyBlog\target\classes started by huyuefei in C:\Users\huyuefei\Desktop\Code\MyBlog)
09:06:41.245 logback [main] INFO  com.hyf.HyfApplication - No active profile set, falling back to default profiles: default
09:06:42.012 logback [main] INFO  o.s.d.r.c.RepositoryConfigurationDelegate - Multiple Spring Data modules found, entering strict repository configuration mode!
09:06:42.014 logback [main] INFO  o.s.d.r.c.RepositoryConfigurationDelegate - Bootstrapping Spring Data Redis repositories in DEFAULT mode.
09:06:42.037 logback [main] INFO  o.s.d.r.c.RepositoryConfigurationDelegate - Finished Spring Data repository scanning in 14ms. Found 0 Redis repository interfaces.
09:06:42.650 logback [main] INFO  o.s.b.w.e.tomcat.TomcatWebServer - Tomcat initialized with port(s): 8080 (http)
09:06:42.664 logback [main] INFO  o.a.coyote.http11.Http11NioProtocol - Initializing ProtocolHandler ["http-nio-8080"]
09:06:42.676 logback [main] INFO  o.a.catalina.core.StandardService - Starting service [Tomcat]
09:06:42.677 logback [main] INFO  o.a.catalina.core.StandardEngine - Starting Servlet engine: [Apache Tomcat/9.0.37]
09:06:42.786 logback [main] INFO  o.a.c.c.C.[Tomcat].[localhost].[/] - Initializing Spring embedded WebApplicationContext
09:06:42.786 logback [main] INFO  o.s.web.context.ContextLoader - Root WebApplicationContext: initialization completed in 1423 ms
09:06:43.329 logback [main] INFO  o.s.s.c.ThreadPoolTaskExecutor - Initializing ExecutorService 'applicationTaskExecutor'
09:06:43.398 logback [main] INFO  o.s.b.a.w.s.WelcomePageHandlerMapping - Adding welcome page template: index
09:06:43.952 logback [main] INFO  o.s.s.web.DefaultSecurityFilterChain - Creating filter chain: any request, [org.springframework.security.web.context.request.async.WebAsyncManagerIntegrationFilter@574ebdaf, org.springframework.security.web.context.SecurityContextPersistenceFilter@4df0d9f8, org.springframework.security.web.header.HeaderWriterFilter@4315fe1b, org.springframework.security.web.csrf.CsrfFilter@18bb1b88, org.springframework.security.web.authentication.logout.LogoutFilter@3982206a, org.springframework.security.web.authentication.UsernamePasswordAuthenticationFilter@126675fd, org.springframework.security.web.authentication.ui.DefaultLoginPageGeneratingFilter@3a6556b6, org.springframework.security.web.authentication.ui.DefaultLogoutPageGeneratingFilter@33f349ae, org.springframework.security.web.authentication.www.BasicAuthenticationFilter@61ad30f6, org.springframework.security.web.savedrequest.RequestCacheAwareFilter@26f75d9c, org.springframework.security.web.servletapi.SecurityContextHolderAwareRequestFilter@191e654, org.springframework.security.web.authentication.AnonymousAuthenticationFilter@377e573a, org.springframework.security.web.session.SessionManagementFilter@2d5ae78e, org.springframework.security.web.access.ExceptionTranslationFilter@e72fb04, org.springframework.security.web.access.intercept.FilterSecurityInterceptor@5be7b749]
09:06:44.014 logback [main] INFO  o.a.coyote.http11.Http11NioProtocol - Starting ProtocolHandler ["http-nio-8080"]
09:06:44.071 logback [main] INFO  o.s.b.w.e.tomcat.TomcatWebServer - Tomcat started on port(s): 8080 (http) with context path ''
09:06:44.074 logback [main] INFO  com.hyf.HyfApplication - Started HyfApplication in 3.458 seconds (JVM running for 4.429)
10:37:00.320 logback [main] INFO  com.hyf.HyfApplication - Starting HyfApplication on DESKTOP-PVECBGM with PID 7024 (C:\Users\huyuefei\Desktop\Code\MyBlog\target\classes started by huyuefei in C:\Users\huyuefei\Desktop\Code\MyBlog)
10:37:00.326 logback [main] INFO  com.hyf.HyfApplication - No active profile set, falling back to default profiles: default
10:37:00.965 logback [main] INFO  o.s.d.r.c.RepositoryConfigurationDelegate - Multiple Spring Data modules found, entering strict repository configuration mode!
10:37:00.967 logback [main] INFO  o.s.d.r.c.RepositoryConfigurationDelegate - Bootstrapping Spring Data Redis repositories in DEFAULT mode.
10:37:01.019 logback [main] INFO  o.s.d.r.c.RepositoryConfigurationDelegate - Finished Spring Data repository scanning in 23ms. Found 0 Redis repository interfaces.
10:37:01.756 logback [main] INFO  o.s.b.w.e.tomcat.TomcatWebServer - Tomcat initialized with port(s): 8080 (http)
10:37:01.772 logback [main] INFO  o.a.coyote.http11.Http11NioProtocol - Initializing ProtocolHandler ["http-nio-8080"]
10:37:01.787 logback [main] INFO  o.a.catalina.core.StandardService - Starting service [Tomcat]
10:37:01.787 logback [main] INFO  o.a.catalina.core.StandardEngine - Starting Servlet engine: [Apache Tomcat/9.0.37]
10:37:01.922 logback [main] INFO  o.a.c.c.C.[Tomcat].[localhost].[/] - Initializing Spring embedded WebApplicationContext
10:37:01.922 logback [main] INFO  o.s.web.context.ContextLoader - Root WebApplicationContext: initialization completed in 1560 ms
10:37:02.605 logback [main] INFO  o.s.s.c.ThreadPoolTaskExecutor - Initializing ExecutorService 'applicationTaskExecutor'
10:37:02.686 logback [main] INFO  o.s.b.a.w.s.WelcomePageHandlerMapping - Adding welcome page template: index
10:37:03.399 logback [main] INFO  o.s.s.web.DefaultSecurityFilterChain - Creating filter chain: any request, [org.springframework.security.web.context.request.async.WebAsyncManagerIntegrationFilter@733fa95c, org.springframework.security.web.context.SecurityContextPersistenceFilter@3ec7eb5, org.springframework.security.web.header.HeaderWriterFilter@7d17906, org.springframework.security.web.csrf.CsrfFilter@69d7bc1a, org.springframework.security.web.authentication.logout.LogoutFilter@6adcf059, org.springframework.security.web.authentication.UsernamePasswordAuthenticationFilter@13cf5f8a, org.springframework.security.web.authentication.ui.DefaultLoginPageGeneratingFilter@13404f75, org.springframework.security.web.authentication.ui.DefaultLogoutPageGeneratingFilter@3b2c8bda, org.springframework.security.web.authentication.www.BasicAuthenticationFilter@30bbe83, org.springframework.security.web.savedrequest.RequestCacheAwareFilter@1f6f0fe2, org.springframework.security.web.servletapi.SecurityContextHolderAwareRequestFilter@14b5325f, org.springframework.security.web.authentication.AnonymousAuthenticationFilter@688d619c, org.springframework.security.web.session.SessionManagementFilter@5d68954d, org.springframework.security.web.access.ExceptionTranslationFilter@352c3d70, org.springframework.security.web.access.intercept.FilterSecurityInterceptor@4a58e0e9]
10:37:03.499 logback [main] INFO  o.a.coyote.http11.Http11NioProtocol - Starting ProtocolHandler ["http-nio-8080"]
10:37:03.566 logback [main] INFO  o.s.b.w.e.tomcat.TomcatWebServer - Tomcat started on port(s): 8080 (http) with context path ''
10:37:03.676 logback [main] INFO  com.hyf.HyfApplication - Started HyfApplication in 3.885 seconds (JVM running for 5.314)
10:37:11.950 logback [http-nio-8080-exec-2] INFO  o.a.c.c.C.[Tomcat].[localhost].[/] - Initializing Spring DispatcherServlet 'dispatcherServlet'
10:37:11.951 logback [http-nio-8080-exec-2] INFO  o.s.web.servlet.DispatcherServlet - Initializing Servlet 'dispatcherServlet'
10:37:11.959 logback [http-nio-8080-exec-2] INFO  o.s.web.servlet.DispatcherServlet - Completed initialization in 8 ms
10:39:04.364 logback [Thread-2] INFO  o.s.s.c.ThreadPoolTaskExecutor - Shutting down ExecutorService 'applicationTaskExecutor'
10:39:04.364 logback [Thread-2] INFO  c.alibaba.druid.pool.DruidDataSource - {dataSource-0} closing ...
